{
  "stats": {
    "suites": 1,
    "tests": 1,
    "passes": 1,
    "pending": 0,
    "failures": 0,
    "start": "2020-05-06T14:01:59.731Z",
    "end": "2020-05-06T14:01:59.906Z",
    "duration": 175,
    "testsRegistered": 1,
    "passPercent": 100,
    "pendingPercent": 0,
    "other": 0,
    "hasOther": false,
    "skipped": 0,
    "hasSkipped": false,
    "passPercentClass": "success",
    "pendingPercentClass": "danger"
  },
  "suites": {
    "uuid": "866d9ec5-7a8a-4eea-a38f-9e97d3bd02d7",
    "title": "",
    "fullFile": "cypress/integration/POST/create_user.feature",
    "file": "cypress/integration/POST/create_user.feature",
    "beforeHooks": [],
    "afterHooks": [],
    "tests": [],
    "suites": [
      {
        "uuid": "a7a1016c-88d7-482b-b84b-c6bcec511eac",
        "title": "Create user",
        "fullFile": "",
        "file": "",
        "beforeHooks": [],
        "afterHooks": [],
        "tests": [
          {
            "title": "Create user",
            "fullTitle": "Create user Create user",
            "duration": 128,
            "state": "passed",
            "speed": "slow",
            "pass": true,
            "fail": false,
            "pending": false,
            "code": "const state = window.testState;\nreturn cy\n  .then(() => state.onStartScenario(scenario, indexedSteps))\n  .then(() =>\n    resolveAndRunBeforeHooks.call(this, scenario.tags, state.feature.name)\n  )\n  .then(() =>\n    indexedSteps.forEach(step => stepTest.call(this, state, step, rowData))\n  )\n  .then(() =>\n    resolveAndRunAfterHooks.call(this, scenario.tags, state.feature.name)\n  )\n  .then(() => state.onFinishScenario(scenario));",
            "err": {},
            "isRoot": false,
            "uuid": "f66eee6f-62d0-4886-b340-d387ce236ac3",
            "isHook": false,
            "skipped": false
          }
        ],
        "suites": [],
        "passes": [
          "f66eee6f-62d0-4886-b340-d387ce236ac3"
        ],
        "failures": [],
        "pending": [],
        "skipped": [],
        "duration": 128,
        "root": false,
        "rootEmpty": false,
        "_timeout": 2000
      }
    ],
    "passes": [],
    "failures": [],
    "pending": [],
    "skipped": [],
    "duration": 0,
    "root": true,
    "rootEmpty": true,
    "_timeout": 2000
  },
  "copyrightYear": 2020
}