{"/app/src/service/UserService.js":{"path":"/app/src/service/UserService.js","statementMap":{"0":{"start":{"line":3,"column":29},"end":{"line":3,"column":84}},"1":{"start":{"line":5,"column":0},"end":{"line":7,"column":3}},"2":{"start":{"line":8,"column":0},"end":{"line":8,"column":82}},"3":{"start":{"line":10,"column":19},"end":{"line":10,"column":80}},"4":{"start":{"line":12,"column":25},"end":{"line":12,"column":99}},"5":{"start":{"line":14,"column":10},"end":{"line":14,"column":47}},"6":{"start":{"line":16,"column":11},"end":{"line":16,"column":52}},"7":{"start":{"line":18,"column":12},"end":{"line":18,"column":51}},"8":{"start":{"line":20,"column":20},"end":{"line":20,"column":67}},"9":{"start":{"line":22,"column":22},"end":{"line":22,"column":73}},"10":{"start":{"line":24,"column":12},"end":{"line":24,"column":27}},"11":{"start":{"line":26,"column":21},"end":{"line":26,"column":46}},"12":{"start":{"line":28,"column":14},"end":{"line":28,"column":56}},"13":{"start":{"line":30,"column":12},"end":{"line":30,"column":62}},"14":{"start":{"line":32,"column":16},"end":{"line":32,"column":71}},"15":{"start":{"line":34,"column":15},"end":{"line":34,"column":69}},"16":{"start":{"line":36,"column":13},"end":{"line":36,"column":65}},"17":{"start":{"line":38,"column":13},"end":{"line":38,"column":40}},"18":{"start":{"line":40,"column":11},"end":{"line":40,"column":53}},"19":{"start":{"line":41,"column":11},"end":{"line":41,"column":42}},"20":{"start":{"line":42,"column":9},"end":{"line":42,"column":81}},"21":{"start":{"line":43,"column":11},"end":{"line":43,"column":57}},"22":{"start":{"line":44,"column":15},"end":{"line":44,"column":84}},"23":{"start":{"line":53,"column":30},"end":{"line":189,"column":3}},"24":{"start":{"line":54,"column":13},"end":{"line":184,"column":5}},"25":{"start":{"line":56,"column":4},"end":{"line":183,"column":34}},"26":{"start":{"line":57,"column":6},"end":{"line":182,"column":7}},"27":{"start":{"line":58,"column":8},"end":{"line":181,"column":9}},"28":{"start":{"line":60,"column":12},"end":{"line":63,"column":13}},"29":{"start":{"line":61,"column":14},"end":{"line":61,"column":32}},"30":{"start":{"line":62,"column":14},"end":{"line":62,"column":20}},"31":{"start":{"line":65,"column":12},"end":{"line":70,"column":15}},"32":{"start":{"line":73,"column":12},"end":{"line":73,"column":30}},"33":{"start":{"line":74,"column":12},"end":{"line":74,"column":60}},"34":{"start":{"line":77,"column":12},"end":{"line":77,"column":37}},"35":{"start":{"line":78,"column":12},"end":{"line":78,"column":30}},"36":{"start":{"line":79,"column":12},"end":{"line":79,"column":35}},"37":{"start":{"line":82,"column":12},"end":{"line":82,"column":39}},"38":{"start":{"line":84,"column":12},"end":{"line":87,"column":13}},"39":{"start":{"line":85,"column":14},"end":{"line":85,"column":33}},"40":{"start":{"line":86,"column":14},"end":{"line":86,"column":20}},"41":{"start":{"line":89,"column":12},"end":{"line":94,"column":15}},"42":{"start":{"line":97,"column":12},"end":{"line":100,"column":13}},"43":{"start":{"line":98,"column":14},"end":{"line":98,"column":33}},"44":{"start":{"line":99,"column":14},"end":{"line":99,"column":20}},"45":{"start":{"line":102,"column":12},"end":{"line":105,"column":15}},"46":{"start":{"line":108,"column":12},"end":{"line":111,"column":13}},"47":{"start":{"line":109,"column":14},"end":{"line":109,"column":33}},"48":{"start":{"line":110,"column":14},"end":{"line":110,"column":20}},"49":{"start":{"line":113,"column":12},"end":{"line":116,"column":15}},"50":{"start":{"line":119,"column":12},"end":{"line":119,"column":31}},"51":{"start":{"line":120,"column":12},"end":{"line":120,"column":31}},"52":{"start":{"line":121,"column":12},"end":{"line":121,"column":61}},"53":{"start":{"line":124,"column":12},"end":{"line":124,"column":34}},"54":{"start":{"line":125,"column":12},"end":{"line":125,"column":31}},"55":{"start":{"line":126,"column":12},"end":{"line":126,"column":18}},"56":{"start":{"line":129,"column":12},"end":{"line":129,"column":31}},"57":{"start":{"line":130,"column":12},"end":{"line":130,"column":48}},"58":{"start":{"line":131,"column":12},"end":{"line":136,"column":15}},"59":{"start":{"line":139,"column":12},"end":{"line":142,"column":13}},"60":{"start":{"line":140,"column":14},"end":{"line":140,"column":33}},"61":{"start":{"line":141,"column":14},"end":{"line":141,"column":20}},"62":{"start":{"line":144,"column":12},"end":{"line":149,"column":15}},"63":{"start":{"line":152,"column":12},"end":{"line":152,"column":28}},"64":{"start":{"line":154,"column":12},"end":{"line":157,"column":13}},"65":{"start":{"line":155,"column":14},"end":{"line":155,"column":33}},"66":{"start":{"line":156,"column":14},"end":{"line":156,"column":20}},"67":{"start":{"line":159,"column":12},"end":{"line":164,"column":15}},"68":{"start":{"line":167,"column":12},"end":{"line":167,"column":31}},"69":{"start":{"line":168,"column":12},"end":{"line":168,"column":89}},"70":{"start":{"line":171,"column":12},"end":{"line":176,"column":15}},"71":{"start":{"line":180,"column":12},"end":{"line":180,"column":35}},"72":{"start":{"line":186,"column":2},"end":{"line":188,"column":4}},"73":{"start":{"line":187,"column":4},"end":{"line":187,"column":39}},"74":{"start":{"line":202,"column":0},"end":{"line":202,"column":32}},"75":{"start":{"line":204,"column":30},"end":{"line":386,"column":3}},"76":{"start":{"line":205,"column":14},"end":{"line":381,"column":5}},"77":{"start":{"line":207,"column":4},"end":{"line":380,"column":35}},"78":{"start":{"line":208,"column":6},"end":{"line":379,"column":7}},"79":{"start":{"line":209,"column":8},"end":{"line":378,"column":9}},"80":{"start":{"line":211,"column":12},"end":{"line":214,"column":13}},"81":{"start":{"line":212,"column":14},"end":{"line":212,"column":33}},"82":{"start":{"line":213,"column":14},"end":{"line":213,"column":20}},"83":{"start":{"line":216,"column":12},"end":{"line":221,"column":15}},"84":{"start":{"line":224,"column":12},"end":{"line":227,"column":13}},"85":{"start":{"line":225,"column":14},"end":{"line":225,"column":33}},"86":{"start":{"line":226,"column":14},"end":{"line":226,"column":20}},"87":{"start":{"line":229,"column":12},"end":{"line":234,"column":15}},"88":{"start":{"line":237,"column":12},"end":{"line":240,"column":13}},"89":{"start":{"line":238,"column":14},"end":{"line":238,"column":33}},"90":{"start":{"line":239,"column":14},"end":{"line":239,"column":20}},"91":{"start":{"line":242,"column":12},"end":{"line":247,"column":15}},"92":{"start":{"line":250,"column":12},"end":{"line":253,"column":13}},"93":{"start":{"line":251,"column":14},"end":{"line":251,"column":33}},"94":{"start":{"line":252,"column":14},"end":{"line":252,"column":20}},"95":{"start":{"line":255,"column":12},"end":{"line":260,"column":15}},"96":{"start":{"line":263,"column":12},"end":{"line":263,"column":32}},"97":{"start":{"line":264,"column":12},"end":{"line":264,"column":58}},"98":{"start":{"line":267,"column":12},"end":{"line":267,"column":38}},"99":{"start":{"line":269,"column":12},"end":{"line":272,"column":13}},"100":{"start":{"line":270,"column":14},"end":{"line":270,"column":34}},"101":{"start":{"line":271,"column":14},"end":{"line":271,"column":20}},"102":{"start":{"line":274,"column":12},"end":{"line":279,"column":15}},"103":{"start":{"line":282,"column":12},"end":{"line":282,"column":32}},"104":{"start":{"line":283,"column":12},"end":{"line":286,"column":15}},"105":{"start":{"line":289,"column":12},"end":{"line":289,"column":39}},"106":{"start":{"line":290,"column":12},"end":{"line":295,"column":14}},"107":{"start":{"line":296,"column":12},"end":{"line":296,"column":57}},"108":{"start":{"line":297,"column":12},"end":{"line":297,"column":125}},"109":{"start":{"line":298,"column":12},"end":{"line":298,"column":32}},"110":{"start":{"line":299,"column":12},"end":{"line":299,"column":59}},"111":{"start":{"line":302,"column":12},"end":{"line":302,"column":51}},"112":{"start":{"line":303,"column":12},"end":{"line":303,"column":32}},"113":{"start":{"line":304,"column":12},"end":{"line":304,"column":166}},"114":{"start":{"line":305,"column":12},"end":{"line":312,"column":14}},"115":{"start":{"line":313,"column":12},"end":{"line":313,"column":32}},"116":{"start":{"line":314,"column":12},"end":{"line":314,"column":73}},"117":{"start":{"line":317,"column":12},"end":{"line":317,"column":32}},"118":{"start":{"line":318,"column":12},"end":{"line":318,"column":48}},"119":{"start":{"line":321,"column":12},"end":{"line":321,"column":35}},"120":{"start":{"line":322,"column":12},"end":{"line":322,"column":32}},"121":{"start":{"line":323,"column":12},"end":{"line":329,"column":22}},"122":{"start":{"line":332,"column":12},"end":{"line":332,"column":36}},"123":{"start":{"line":333,"column":12},"end":{"line":333,"column":32}},"124":{"start":{"line":334,"column":12},"end":{"line":338,"column":15}},"125":{"start":{"line":341,"column":12},"end":{"line":341,"column":38}},"126":{"start":{"line":342,"column":12},"end":{"line":342,"column":33}},"127":{"start":{"line":343,"column":12},"end":{"line":343,"column":49}},"128":{"start":{"line":344,"column":12},"end":{"line":344,"column":32}},"129":{"start":{"line":345,"column":12},"end":{"line":345,"column":86}},"130":{"start":{"line":348,"column":12},"end":{"line":348,"column":32}},"131":{"start":{"line":349,"column":12},"end":{"line":349,"column":77}},"132":{"start":{"line":352,"column":12},"end":{"line":352,"column":32}},"133":{"start":{"line":353,"column":12},"end":{"line":353,"column":87}},"134":{"start":{"line":356,"column":12},"end":{"line":361,"column":15}},"135":{"start":{"line":364,"column":12},"end":{"line":364,"column":32}},"136":{"start":{"line":365,"column":12},"end":{"line":365,"column":50}},"137":{"start":{"line":367,"column":12},"end":{"line":367,"column":33}},"138":{"start":{"line":368,"column":12},"end":{"line":373,"column":15}},"139":{"start":{"line":377,"column":12},"end":{"line":377,"column":36}},"140":{"start":{"line":383,"column":2},"end":{"line":385,"column":4}},"141":{"start":{"line":384,"column":4},"end":{"line":384,"column":40}},"142":{"start":{"line":399,"column":0},"end":{"line":399,"column":32}},"143":{"start":{"line":401,"column":25},"end":{"line":566,"column":3}},"144":{"start":{"line":402,"column":14},"end":{"line":561,"column":5}},"145":{"start":{"line":404,"column":4},"end":{"line":560,"column":17}},"146":{"start":{"line":405,"column":6},"end":{"line":559,"column":7}},"147":{"start":{"line":406,"column":8},"end":{"line":558,"column":9}},"148":{"start":{"line":408,"column":12},"end":{"line":411,"column":13}},"149":{"start":{"line":409,"column":14},"end":{"line":409,"column":33}},"150":{"start":{"line":410,"column":14},"end":{"line":410,"column":20}},"151":{"start":{"line":413,"column":12},"end":{"line":418,"column":15}},"152":{"start":{"line":421,"column":12},"end":{"line":424,"column":13}},"153":{"start":{"line":422,"column":14},"end":{"line":422,"column":33}},"154":{"start":{"line":423,"column":14},"end":{"line":423,"column":20}},"155":{"start":{"line":426,"column":12},"end":{"line":431,"column":15}},"156":{"start":{"line":434,"column":12},"end":{"line":437,"column":13}},"157":{"start":{"line":435,"column":14},"end":{"line":435,"column":33}},"158":{"start":{"line":436,"column":14},"end":{"line":436,"column":20}},"159":{"start":{"line":439,"column":12},"end":{"line":444,"column":15}},"160":{"start":{"line":447,"column":12},"end":{"line":450,"column":13}},"161":{"start":{"line":448,"column":14},"end":{"line":448,"column":33}},"162":{"start":{"line":449,"column":14},"end":{"line":449,"column":20}},"163":{"start":{"line":452,"column":12},"end":{"line":457,"column":15}},"164":{"start":{"line":460,"column":12},"end":{"line":460,"column":32}},"165":{"start":{"line":461,"column":12},"end":{"line":461,"column":58}},"166":{"start":{"line":464,"column":12},"end":{"line":464,"column":35}},"167":{"start":{"line":466,"column":12},"end":{"line":469,"column":13}},"168":{"start":{"line":467,"column":14},"end":{"line":467,"column":34}},"169":{"start":{"line":468,"column":14},"end":{"line":468,"column":20}},"170":{"start":{"line":471,"column":12},"end":{"line":471,"column":32}},"171":{"start":{"line":472,"column":12},"end":{"line":472,"column":65}},"172":{"start":{"line":475,"column":12},"end":{"line":475,"column":35}},"173":{"start":{"line":477,"column":12},"end":{"line":480,"column":13}},"174":{"start":{"line":478,"column":14},"end":{"line":478,"column":34}},"175":{"start":{"line":479,"column":14},"end":{"line":479,"column":20}},"176":{"start":{"line":482,"column":12},"end":{"line":487,"column":15}},"177":{"start":{"line":490,"column":12},"end":{"line":490,"column":28}},"178":{"start":{"line":492,"column":12},"end":{"line":495,"column":13}},"179":{"start":{"line":493,"column":14},"end":{"line":493,"column":34}},"180":{"start":{"line":494,"column":14},"end":{"line":494,"column":20}},"181":{"start":{"line":497,"column":12},"end":{"line":502,"column":15}},"182":{"start":{"line":505,"column":12},"end":{"line":505,"column":32}},"183":{"start":{"line":506,"column":12},"end":{"line":522,"column":15}},"184":{"start":{"line":525,"column":12},"end":{"line":525,"column":38}},"185":{"start":{"line":527,"column":12},"end":{"line":530,"column":13}},"186":{"start":{"line":528,"column":14},"end":{"line":528,"column":34}},"187":{"start":{"line":529,"column":14},"end":{"line":529,"column":20}},"188":{"start":{"line":532,"column":12},"end":{"line":537,"column":15}},"189":{"start":{"line":540,"column":12},"end":{"line":545,"column":15}},"190":{"start":{"line":546,"column":12},"end":{"line":553,"column":15}},"191":{"start":{"line":557,"column":12},"end":{"line":557,"column":36}},"192":{"start":{"line":563,"column":2},"end":{"line":565,"column":4}},"193":{"start":{"line":564,"column":4},"end":{"line":564,"column":40}},"194":{"start":{"line":575,"column":0},"end":{"line":575,"column":22}},"195":{"start":{"line":577,"column":26},"end":{"line":643,"column":3}},"196":{"start":{"line":578,"column":14},"end":{"line":638,"column":5}},"197":{"start":{"line":580,"column":4},"end":{"line":637,"column":17}},"198":{"start":{"line":581,"column":6},"end":{"line":636,"column":7}},"199":{"start":{"line":582,"column":8},"end":{"line":635,"column":9}},"200":{"start":{"line":584,"column":12},"end":{"line":587,"column":13}},"201":{"start":{"line":585,"column":14},"end":{"line":585,"column":33}},"202":{"start":{"line":586,"column":14},"end":{"line":586,"column":20}},"203":{"start":{"line":589,"column":12},"end":{"line":594,"column":15}},"204":{"start":{"line":597,"column":12},"end":{"line":597,"column":31}},"205":{"start":{"line":598,"column":12},"end":{"line":598,"column":60}},"206":{"start":{"line":601,"column":12},"end":{"line":601,"column":38}},"207":{"start":{"line":602,"column":12},"end":{"line":602,"column":31}},"208":{"start":{"line":603,"column":12},"end":{"line":603,"column":35}},"209":{"start":{"line":606,"column":12},"end":{"line":606,"column":40}},"210":{"start":{"line":608,"column":12},"end":{"line":611,"column":13}},"211":{"start":{"line":609,"column":14},"end":{"line":609,"column":34}},"212":{"start":{"line":610,"column":14},"end":{"line":610,"column":20}},"213":{"start":{"line":613,"column":12},"end":{"line":618,"column":15}},"214":{"start":{"line":621,"column":12},"end":{"line":621,"column":32}},"215":{"start":{"line":622,"column":12},"end":{"line":622,"column":74}},"216":{"start":{"line":625,"column":12},"end":{"line":630,"column":15}},"217":{"start":{"line":634,"column":12},"end":{"line":634,"column":36}},"218":{"start":{"line":640,"column":2},"end":{"line":642,"column":4}},"219":{"start":{"line":641,"column":4},"end":{"line":641,"column":40}},"220":{"start":{"line":645,"column":0},"end":{"line":645,"column":24}}},"fnMap":{"0":{"name":"(anonymous_0)","decl":{"start":{"line":53,"column":30},"end":{"line":53,"column":31}},"loc":{"start":{"line":53,"column":42},"end":{"line":189,"column":1}},"line":53},"1":{"name":"_callee","decl":{"start":{"line":54,"column":100},"end":{"line":54,"column":107}},"loc":{"start":{"line":54,"column":141},"end":{"line":184,"column":3}},"line":54},"2":{"name":"_callee$","decl":{"start":{"line":56,"column":49},"end":{"line":56,"column":57}},"loc":{"start":{"line":56,"column":68},"end":{"line":183,"column":5}},"line":56},"3":{"name":"changeUser","decl":{"start":{"line":186,"column":18},"end":{"line":186,"column":28}},"loc":{"start":{"line":186,"column":43},"end":{"line":188,"column":3}},"line":186},"4":{"name":"(anonymous_4)","decl":{"start":{"line":204,"column":30},"end":{"line":204,"column":31}},"loc":{"start":{"line":204,"column":42},"end":{"line":386,"column":1}},"line":204},"5":{"name":"_callee2","decl":{"start":{"line":205,"column":101},"end":{"line":205,"column":109}},"loc":{"start":{"line":205,"column":139},"end":{"line":381,"column":3}},"line":205},"6":{"name":"_callee2$","decl":{"start":{"line":207,"column":49},"end":{"line":207,"column":58}},"loc":{"start":{"line":207,"column":70},"end":{"line":380,"column":5}},"line":207},"7":{"name":"createUser","decl":{"start":{"line":383,"column":18},"end":{"line":383,"column":28}},"loc":{"start":{"line":383,"column":49},"end":{"line":385,"column":3}},"line":383},"8":{"name":"(anonymous_8)","decl":{"start":{"line":401,"column":25},"end":{"line":401,"column":26}},"loc":{"start":{"line":401,"column":37},"end":{"line":566,"column":1}},"line":401},"9":{"name":"_callee3","decl":{"start":{"line":402,"column":101},"end":{"line":402,"column":109}},"loc":{"start":{"line":402,"column":152},"end":{"line":561,"column":3}},"line":402},"10":{"name":"_callee3$","decl":{"start":{"line":404,"column":49},"end":{"line":404,"column":58}},"loc":{"start":{"line":404,"column":70},"end":{"line":560,"column":5}},"line":404},"11":{"name":"logIn","decl":{"start":{"line":563,"column":18},"end":{"line":563,"column":23}},"loc":{"start":{"line":563,"column":46},"end":{"line":565,"column":3}},"line":563},"12":{"name":"(anonymous_12)","decl":{"start":{"line":577,"column":26},"end":{"line":577,"column":27}},"loc":{"start":{"line":577,"column":38},"end":{"line":643,"column":1}},"line":577},"13":{"name":"_callee4","decl":{"start":{"line":578,"column":101},"end":{"line":578,"column":109}},"loc":{"start":{"line":578,"column":117},"end":{"line":638,"column":3}},"line":578},"14":{"name":"_callee4$","decl":{"start":{"line":580,"column":49},"end":{"line":580,"column":58}},"loc":{"start":{"line":580,"column":70},"end":{"line":637,"column":5}},"line":580},"15":{"name":"logout","decl":{"start":{"line":640,"column":18},"end":{"line":640,"column":24}},"loc":{"start":{"line":640,"column":31},"end":{"line":642,"column":3}},"line":640}},"branchMap":{"0":{"loc":{"start":{"line":40,"column":11},"end":{"line":40,"column":53}},"type":"binary-expr","locations":[{"start":{"line":40,"column":11},"end":{"line":40,"column":34}},{"start":{"line":40,"column":38},"end":{"line":40,"column":53}}],"line":40},"1":{"loc":{"start":{"line":41,"column":11},"end":{"line":41,"column":42}},"type":"binary-expr","locations":[{"start":{"line":41,"column":11},"end":{"line":41,"column":34}},{"start":{"line":41,"column":38},"end":{"line":41,"column":42}}],"line":41},"2":{"loc":{"start":{"line":58,"column":8},"end":{"line":181,"column":9}},"type":"switch","locations":[{"start":{"line":59,"column":10},"end":{"line":70,"column":15}},{"start":{"line":72,"column":10},"end":{"line":74,"column":60}},{"start":{"line":76,"column":10},"end":{"line":79,"column":35}},{"start":{"line":81,"column":10},"end":{"line":94,"column":15}},{"start":{"line":96,"column":10},"end":{"line":105,"column":15}},{"start":{"line":107,"column":10},"end":{"line":116,"column":15}},{"start":{"line":118,"column":10},"end":{"line":121,"column":61}},{"start":{"line":123,"column":10},"end":{"line":126,"column":18}},{"start":{"line":128,"column":10},"end":{"line":136,"column":15}},{"start":{"line":138,"column":10},"end":{"line":149,"column":15}},{"start":{"line":151,"column":10},"end":{"line":164,"column":15}},{"start":{"line":166,"column":10},"end":{"line":168,"column":89}},{"start":{"line":170,"column":10},"end":{"line":176,"column":15}},{"start":{"line":178,"column":10},"end":{"line":178,"column":18}},{"start":{"line":179,"column":10},"end":{"line":180,"column":35}}],"line":58},"3":{"loc":{"start":{"line":60,"column":12},"end":{"line":63,"column":13}},"type":"if","locations":[{"start":{"line":60,"column":12},"end":{"line":63,"column":13}},{"start":{"line":60,"column":12},"end":{"line":63,"column":13}}],"line":60},"4":{"loc":{"start":{"line":84,"column":12},"end":{"line":87,"column":13}},"type":"if","locations":[{"start":{"line":84,"column":12},"end":{"line":87,"column":13}},{"start":{"line":84,"column":12},"end":{"line":87,"column":13}}],"line":84},"5":{"loc":{"start":{"line":84,"column":18},"end":{"line":84,"column":49}},"type":"binary-expr","locations":[{"start":{"line":84,"column":18},"end":{"line":84,"column":27}},{"start":{"line":84,"column":31},"end":{"line":84,"column":49}}],"line":84},"6":{"loc":{"start":{"line":97,"column":12},"end":{"line":100,"column":13}},"type":"if","locations":[{"start":{"line":97,"column":12},"end":{"line":100,"column":13}},{"start":{"line":97,"column":12},"end":{"line":100,"column":13}}],"line":97},"7":{"loc":{"start":{"line":108,"column":12},"end":{"line":111,"column":13}},"type":"if","locations":[{"start":{"line":108,"column":12},"end":{"line":111,"column":13}},{"start":{"line":108,"column":12},"end":{"line":111,"column":13}}],"line":108},"8":{"loc":{"start":{"line":139,"column":12},"end":{"line":142,"column":13}},"type":"if","locations":[{"start":{"line":139,"column":12},"end":{"line":142,"column":13}},{"start":{"line":139,"column":12},"end":{"line":142,"column":13}}],"line":139},"9":{"loc":{"start":{"line":154,"column":12},"end":{"line":157,"column":13}},"type":"if","locations":[{"start":{"line":154,"column":12},"end":{"line":157,"column":13}},{"start":{"line":154,"column":12},"end":{"line":157,"column":13}}],"line":154},"10":{"loc":{"start":{"line":209,"column":8},"end":{"line":378,"column":9}},"type":"switch","locations":[{"start":{"line":210,"column":10},"end":{"line":221,"column":15}},{"start":{"line":223,"column":10},"end":{"line":234,"column":15}},{"start":{"line":236,"column":10},"end":{"line":247,"column":15}},{"start":{"line":249,"column":10},"end":{"line":260,"column":15}},{"start":{"line":262,"column":10},"end":{"line":264,"column":58}},{"start":{"line":266,"column":10},"end":{"line":279,"column":15}},{"start":{"line":281,"column":10},"end":{"line":286,"column":15}},{"start":{"line":288,"column":10},"end":{"line":299,"column":59}},{"start":{"line":301,"column":10},"end":{"line":314,"column":73}},{"start":{"line":316,"column":10},"end":{"line":318,"column":48}},{"start":{"line":320,"column":10},"end":{"line":329,"column":22}},{"start":{"line":331,"column":10},"end":{"line":338,"column":15}},{"start":{"line":340,"column":10},"end":{"line":345,"column":86}},{"start":{"line":347,"column":10},"end":{"line":349,"column":77}},{"start":{"line":351,"column":10},"end":{"line":353,"column":87}},{"start":{"line":355,"column":10},"end":{"line":361,"column":15}},{"start":{"line":363,"column":10},"end":{"line":373,"column":15}},{"start":{"line":375,"column":10},"end":{"line":375,"column":18}},{"start":{"line":376,"column":10},"end":{"line":377,"column":36}}],"line":209},"11":{"loc":{"start":{"line":211,"column":12},"end":{"line":214,"column":13}},"type":"if","locations":[{"start":{"line":211,"column":12},"end":{"line":214,"column":13}},{"start":{"line":211,"column":12},"end":{"line":214,"column":13}}],"line":211},"12":{"loc":{"start":{"line":211,"column":18},"end":{"line":211,"column":67}},"type":"binary-expr","locations":[{"start":{"line":211,"column":18},"end":{"line":211,"column":24}},{"start":{"line":211,"column":28},"end":{"line":211,"column":67}}],"line":211},"13":{"loc":{"start":{"line":224,"column":12},"end":{"line":227,"column":13}},"type":"if","locations":[{"start":{"line":224,"column":12},"end":{"line":227,"column":13}},{"start":{"line":224,"column":12},"end":{"line":227,"column":13}}],"line":224},"14":{"loc":{"start":{"line":224,"column":18},"end":{"line":224,"column":195}},"type":"binary-expr","locations":[{"start":{"line":224,"column":18},"end":{"line":224,"column":24}},{"start":{"line":224,"column":28},"end":{"line":224,"column":195}}],"line":224},"15":{"loc":{"start":{"line":237,"column":12},"end":{"line":240,"column":13}},"type":"if","locations":[{"start":{"line":237,"column":12},"end":{"line":240,"column":13}},{"start":{"line":237,"column":12},"end":{"line":240,"column":13}}],"line":237},"16":{"loc":{"start":{"line":237,"column":18},"end":{"line":237,"column":53}},"type":"binary-expr","locations":[{"start":{"line":237,"column":18},"end":{"line":237,"column":27}},{"start":{"line":237,"column":31},"end":{"line":237,"column":53}}],"line":237},"17":{"loc":{"start":{"line":250,"column":12},"end":{"line":253,"column":13}},"type":"if","locations":[{"start":{"line":250,"column":12},"end":{"line":253,"column":13}},{"start":{"line":250,"column":12},"end":{"line":253,"column":13}}],"line":250},"18":{"loc":{"start":{"line":250,"column":18},"end":{"line":250,"column":62}},"type":"binary-expr","locations":[{"start":{"line":250,"column":18},"end":{"line":250,"column":22}},{"start":{"line":250,"column":26},"end":{"line":250,"column":62}}],"line":250},"19":{"loc":{"start":{"line":269,"column":12},"end":{"line":272,"column":13}},"type":"if","locations":[{"start":{"line":269,"column":12},"end":{"line":272,"column":13}},{"start":{"line":269,"column":12},"end":{"line":272,"column":13}}],"line":269},"20":{"loc":{"start":{"line":406,"column":8},"end":{"line":558,"column":9}},"type":"switch","locations":[{"start":{"line":407,"column":10},"end":{"line":418,"column":15}},{"start":{"line":420,"column":10},"end":{"line":431,"column":15}},{"start":{"line":433,"column":10},"end":{"line":444,"column":15}},{"start":{"line":446,"column":10},"end":{"line":457,"column":15}},{"start":{"line":459,"column":10},"end":{"line":461,"column":58}},{"start":{"line":463,"column":10},"end":{"line":472,"column":65}},{"start":{"line":474,"column":10},"end":{"line":487,"column":15}},{"start":{"line":489,"column":10},"end":{"line":502,"column":15}},{"start":{"line":504,"column":10},"end":{"line":522,"column":15}},{"start":{"line":524,"column":10},"end":{"line":537,"column":15}},{"start":{"line":539,"column":10},"end":{"line":553,"column":15}},{"start":{"line":555,"column":10},"end":{"line":555,"column":18}},{"start":{"line":556,"column":10},"end":{"line":557,"column":36}}],"line":406},"21":{"loc":{"start":{"line":408,"column":12},"end":{"line":411,"column":13}},"type":"if","locations":[{"start":{"line":408,"column":12},"end":{"line":411,"column":13}},{"start":{"line":408,"column":12},"end":{"line":411,"column":13}}],"line":408},"22":{"loc":{"start":{"line":421,"column":12},"end":{"line":424,"column":13}},"type":"if","locations":[{"start":{"line":421,"column":12},"end":{"line":424,"column":13}},{"start":{"line":421,"column":12},"end":{"line":424,"column":13}}],"line":421},"23":{"loc":{"start":{"line":421,"column":18},"end":{"line":421,"column":53}},"type":"binary-expr","locations":[{"start":{"line":421,"column":18},"end":{"line":421,"column":27}},{"start":{"line":421,"column":31},"end":{"line":421,"column":53}}],"line":421},"24":{"loc":{"start":{"line":434,"column":12},"end":{"line":437,"column":13}},"type":"if","locations":[{"start":{"line":434,"column":12},"end":{"line":437,"column":13}},{"start":{"line":434,"column":12},"end":{"line":437,"column":13}}],"line":434},"25":{"loc":{"start":{"line":447,"column":12},"end":{"line":450,"column":13}},"type":"if","locations":[{"start":{"line":447,"column":12},"end":{"line":450,"column":13}},{"start":{"line":447,"column":12},"end":{"line":450,"column":13}}],"line":447},"26":{"loc":{"start":{"line":466,"column":12},"end":{"line":469,"column":13}},"type":"if","locations":[{"start":{"line":466,"column":12},"end":{"line":469,"column":13}},{"start":{"line":466,"column":12},"end":{"line":469,"column":13}}],"line":466},"27":{"loc":{"start":{"line":477,"column":12},"end":{"line":480,"column":13}},"type":"if","locations":[{"start":{"line":477,"column":12},"end":{"line":480,"column":13}},{"start":{"line":477,"column":12},"end":{"line":480,"column":13}}],"line":477},"28":{"loc":{"start":{"line":492,"column":12},"end":{"line":495,"column":13}},"type":"if","locations":[{"start":{"line":492,"column":12},"end":{"line":495,"column":13}},{"start":{"line":492,"column":12},"end":{"line":495,"column":13}}],"line":492},"29":{"loc":{"start":{"line":527,"column":12},"end":{"line":530,"column":13}},"type":"if","locations":[{"start":{"line":527,"column":12},"end":{"line":530,"column":13}},{"start":{"line":527,"column":12},"end":{"line":530,"column":13}}],"line":527},"30":{"loc":{"start":{"line":527,"column":18},"end":{"line":527,"column":113}},"type":"binary-expr","locations":[{"start":{"line":527,"column":18},"end":{"line":527,"column":35}},{"start":{"line":527,"column":39},"end":{"line":527,"column":113}}],"line":527},"31":{"loc":{"start":{"line":582,"column":8},"end":{"line":635,"column":9}},"type":"switch","locations":[{"start":{"line":583,"column":10},"end":{"line":594,"column":15}},{"start":{"line":596,"column":10},"end":{"line":598,"column":60}},{"start":{"line":600,"column":10},"end":{"line":603,"column":35}},{"start":{"line":605,"column":10},"end":{"line":618,"column":15}},{"start":{"line":620,"column":10},"end":{"line":622,"column":74}},{"start":{"line":624,"column":10},"end":{"line":630,"column":15}},{"start":{"line":632,"column":10},"end":{"line":632,"column":18}},{"start":{"line":633,"column":10},"end":{"line":634,"column":36}}],"line":582},"32":{"loc":{"start":{"line":584,"column":12},"end":{"line":587,"column":13}},"type":"if","locations":[{"start":{"line":584,"column":12},"end":{"line":587,"column":13}},{"start":{"line":584,"column":12},"end":{"line":587,"column":13}}],"line":584},"33":{"loc":{"start":{"line":608,"column":12},"end":{"line":611,"column":13}},"type":"if","locations":[{"start":{"line":608,"column":12},"end":{"line":611,"column":13}},{"start":{"line":608,"column":12},"end":{"line":611,"column":13}}],"line":608},"34":{"loc":{"start":{"line":608,"column":18},"end":{"line":608,"column":49}},"type":"binary-expr","locations":[{"start":{"line":608,"column":18},"end":{"line":608,"column":27}},{"start":{"line":608,"column":31},"end":{"line":608,"column":49}}],"line":608}},"s":{"0":1,"1":1,"2":1,"3":1,"4":1,"5":1,"6":1,"7":1,"8":1,"9":1,"10":1,"11":1,"12":1,"13":1,"14":1,"15":1,"16":1,"17":1,"18":1,"19":1,"20":1,"21":1,"22":1,"23":1,"24":1,"25":1,"26":6,"27":13,"28":1,"29":1,"30":1,"31":0,"32":1,"33":1,"34":1,"35":1,"36":1,"37":1,"38":1,"39":1,"40":1,"41":0,"42":1,"43":1,"44":1,"45":0,"46":1,"47":1,"48":1,"49":0,"50":1,"51":1,"52":1,"53":1,"54":1,"55":1,"56":0,"57":0,"58":0,"59":1,"60":1,"61":1,"62":0,"63":1,"64":1,"65":1,"66":1,"67":0,"68":1,"69":1,"70":1,"71":1,"72":1,"73":1,"74":1,"75":1,"76":1,"77":9,"78":108,"79":153,"80":9,"81":9,"82":9,"83":0,"84":9,"85":9,"86":9,"87":0,"88":9,"89":9,"90":9,"91":0,"92":9,"93":9,"94":9,"95":0,"96":9,"97":9,"98":9,"99":9,"100":9,"101":9,"102":0,"103":9,"104":9,"105":9,"106":9,"107":9,"108":9,"109":9,"110":9,"111":9,"112":9,"113":9,"114":9,"115":9,"116":9,"117":9,"118":9,"119":9,"120":9,"121":9,"122":9,"123":9,"124":9,"125":9,"126":9,"127":9,"128":9,"129":9,"130":9,"131":9,"132":9,"133":9,"134":9,"135":0,"136":0,"137":0,"138":0,"139":9,"140":1,"141":9,"142":1,"143":1,"144":1,"145":8,"146":32,"147":88,"148":8,"149":8,"150":8,"151":0,"152":8,"153":8,"154":8,"155":0,"156":8,"157":8,"158":8,"159":0,"160":8,"161":8,"162":8,"163":0,"164":8,"165":8,"166":8,"167":8,"168":8,"169":8,"170":0,"171":0,"172":0,"173":0,"174":0,"175":0,"176":0,"177":8,"178":8,"179":8,"180":8,"181":0,"182":8,"183":8,"184":8,"185":8,"186":8,"187":8,"188":0,"189":8,"190":8,"191":8,"192":1,"193":8,"194":1,"195":1,"196":1,"197":1,"198":5,"199":7,"200":1,"201":1,"202":1,"203":0,"204":1,"205":1,"206":1,"207":1,"208":1,"209":1,"210":1,"211":1,"212":1,"213":0,"214":1,"215":1,"216":1,"217":1,"218":1,"219":1,"220":1},"f":{"0":1,"1":1,"2":6,"3":1,"4":1,"5":9,"6":108,"7":9,"8":1,"9":8,"10":32,"11":8,"12":1,"13":1,"14":5,"15":1},"b":{"0":[1,0],"1":[1,0],"2":[1,1,1,1,1,1,1,1,0,1,1,1,1,0,1],"3":[1,0],"4":[1,0],"5":[1,1],"6":[1,0],"7":[1,0],"8":[1,0],"9":[1,0],"10":[9,9,9,9,9,9,9,9,9,9,9,9,9,9,9,9,0,0,9],"11":[9,0],"12":[9,9],"13":[9,0],"14":[9,9],"15":[9,0],"16":[9,9],"17":[9,0],"18":[9,9],"19":[9,0],"20":[8,8,8,8,8,8,0,8,8,8,8,0,8],"21":[8,0],"22":[8,0],"23":[8,8],"24":[8,0],"25":[8,0],"26":[8,0],"27":[0,0],"28":[8,0],"29":[8,0],"30":[8,8],"31":[1,1,1,1,1,1,0,1],"32":[1,0],"33":[1,0],"34":[1,1]},"inputSourceMap":{"version":3,"sources":["UserService.js"],"names":["HOST","process","env","FABRIC_HOST","PORT","FABRIC_PORT","ca","FabricCAService","conn","configDB","redisGet","redisClient","get","bind","changeUser","oldPassword","newPassword","token","code","payload","message","validator","getUserFromToken","username","blackToken","DB","getUser","users","length","user","password","updateUser","createUser","login","email","csr","match","validationCSR","userList","enroll","enrollmentID","enrollmentSecret","adminData","identity","label","certificate","privateKey","key","toBytes","mspId","wallet","InMemoryWallet","mixin","X509WalletMixin","createIdentity","gateway","Gateway","connectionProfile","yaml","safeLoad","fs","readFileSync","path","resolve","__dirname","FABRIC_CONFIG_FILE","connectionOptions","discovery","enabled","asLocalhost","connect","getCurrentIdentity","admin","register","role","affiliation","maxEnrollments","secret","userData","disconnect","folder","insertUser","insertFolder","insertCertData","cert","logIn","validationCertificate","validationPrivateKey","getUserByEmail","sendTransaction","network","channel","chaincode","contract","transaction","name","props","response","userId","substring","jwt","sign","data","issuer","expiresIn","logout","set"],"mappings":";;;;;;;;;;;;;AAAA;;AACA;;AACA;;AACA;;AACA;;AACA;;AAEA;;AAEA;;AACA;;AACA;;AACA;;AACA;;AACA;;AAGA,IAAMA,IAAI,GAAGC,OAAO,CAACC,GAAR,CAAYC,WAAZ,IAA2B,eAAxC;AACA,IAAMC,IAAI,GAAGH,OAAO,CAACC,GAAR,CAAYG,WAAZ,IAA2B,IAAxC;AAEA,IAAMC,EAAE,GAAG,IAAIC,0BAAJ,kBAA8BP,IAA9B,cAAsCI,IAAtC,EAAX;AACA,IAAMI,IAAI,GAAG,yBAAWC,oBAAX,CAAb;AACA,IAAMC,QAAQ,GAAG,qBAAUC,mBAAYC,GAAtB,EAA2BC,IAA3B,CAAgCF,kBAAhC,CAAjB;AACA;;;;;;;;AAOO,IAAMG,UAAU;AAAA,2FAAG,iBAAOC,WAAP,EAAoBC,WAApB,EAAiCC,KAAjC;AAAA;AAAA;AAAA;AAAA;AAAA;AAAA,gBACnBA,KADmB;AAAA;AAAA;AAAA;;AAAA,6CAEf;AAAEC,cAAAA,IAAI,EAAE,GAAR;AAAaC,cAAAA,OAAO,EAAE;AAAEC,gBAAAA,OAAO,EAAE;AAAX;AAAtB,aAFe;;AAAA;AAAA;AAAA,mBAIDC,iBAAUC,gBAAV,CAA2BL,KAA3B,CAJC;;AAAA;AAIlBM,YAAAA,QAJkB;AAAA;AAAA,mBAKCb,QAAQ,CAACO,KAAD,CALT;;AAAA;AAKlBO,YAAAA,UALkB;;AAAA,kBAMpB,CAACD,QAAD,IAAaC,UAAU,IAAI,IANP;AAAA;AAAA;AAAA;;AAAA,6CAOf;AAAEN,cAAAA,IAAI,EAAE,GAAR;AAAaC,cAAAA,OAAO,EAAE;AAAEC,gBAAAA,OAAO,EAAE;AAAX;AAAtB,aAPe;;AAAA;AAAA,kBAUpBL,WAAW,KAAKC,WAVI;AAAA;AAAA;AAAA;;AAAA,6CAWf;AAAEE,cAAAA,IAAI,EAAE,GAAR;AAAaC,cAAAA,OAAO,EAAE;AAAtB,aAXe;;AAAA;AAAA,gBAcnBH,WAdmB;AAAA;AAAA;AAAA;;AAAA,6CAef;AAAEE,cAAAA,IAAI,EAAE,GAAR;AAAaC,cAAAA,OAAO,EAAE;AAAtB,aAfe;;AAAA;AAAA;AAAA;AAAA,mBAoBRM,kBAAGC,OAAH,CAAWlB,IAAX,EAAiBe,QAAjB,CApBQ;;AAAA;AAoBtBI,YAAAA,KApBsB;AAAA;AAAA;;AAAA;AAAA;AAAA;AAAA,6CAsBf;AAAET,cAAAA,IAAI,EAAE,GAAR;AAAaC,cAAAA,OAAO,EAAE;AAAEC,gBAAAA,OAAO,EAAE;AAAX;AAAtB,aAtBe;;AAAA;AAAA,kBAwBpBO,KAAK,CAACC,MAAN,KAAiB,CAxBG;AAAA;AAAA;AAAA;;AAAA,6CAyBf;AAAEV,cAAAA,IAAI,EAAE,GAAR;AAAaC,cAAAA,OAAO,EAAE;AAAEC,gBAAAA,OAAO,EAAE;AAAX;AAAtB,aAzBe;;AAAA;AA4BlBS,YAAAA,IA5BkB,GA4BXF,KAAK,CAAC,CAAD,CA5BM;;AAAA,kBA6BpBZ,WAAW,KAAKc,IAAI,CAACC,QA7BD;AAAA;AAAA;AAAA;;AAAA,6CA8Bf;AAAEZ,cAAAA,IAAI,EAAE,GAAR;AAAaC,cAAAA,OAAO,EAAE;AAAEC,gBAAAA,OAAO,EAAE;AAAX;AAAtB,aA9Be;;AAAA;AAAA;AAAA,mBAiClBK,kBAAGM,UAAH,CAAcvB,IAAd,EAAoBe,QAApB,EAA8B,UAA9B,EAA0CP,WAA1C,CAjCkB;;AAAA;AAAA,6CAkCjB;AAAEE,cAAAA,IAAI,EAAE,GAAR;AAAaC,cAAAA,OAAO,EAAE;AAAEC,gBAAAA,OAAO,EAAE;AAAX;AAAtB,aAlCiB;;AAAA;AAAA;AAAA;AAAA;AAAA;AAAA;AAAA,GAAH;;AAAA,kBAAVN,UAAU;AAAA;AAAA;AAAA,GAAhB;AAsCP;;;;;;;;;;;;;;AAUO,IAAMkB,UAAU;AAAA,4FAAG,kBAAOC,KAAP,EAAcC,KAAd,EAAqBJ,QAArB,EAA+BK,GAA/B;AAAA;AAAA;AAAA;AAAA;AAAA;AAAA,kBACpB,CAACF,KAAD,IAAU,CAACA,KAAK,CAACG,KAAN,CAAY,yBAAZ,CADS;AAAA;AAAA;AAAA;;AAAA,8CAEf;AAAElB,cAAAA,IAAI,EAAE,GAAR;AAAaC,cAAAA,OAAO,EAAE;AAAEC,gBAAAA,OAAO,EAAE;AAAX;AAAtB,aAFe;;AAAA;AAAA,kBAIpB,CAACc,KAAD,IAAU,CAACA,KAAK,CAACE,KAAN,CACb,yJADa,CAJS;AAAA;AAAA;AAAA;;AAAA,8CAOf;AAAElB,cAAAA,IAAI,EAAE,GAAR;AAAaC,cAAAA,OAAO,EAAE;AAAEC,gBAAAA,OAAO,EAAE;AAAX;AAAtB,aAPe;;AAAA;AAAA,kBASpB,CAACU,QAAD,IAAaA,QAAQ,CAACF,MAAT,KAAoB,EATb;AAAA;AAAA;AAAA;;AAAA,8CAUf;AAAEV,cAAAA,IAAI,EAAE,GAAR;AAAaC,cAAAA,OAAO,EAAE;AAAEC,gBAAAA,OAAO,EAAE;AAAX;AAAtB,aAVe;;AAAA;AAAA,kBAapB,CAACe,GAAD,IAAQ,CAACd,iBAAUgB,aAAV,CAAwBF,GAAxB,CAbW;AAAA;AAAA;AAAA;;AAAA,8CAcf;AAAEjB,cAAAA,IAAI,EAAE,GAAR;AAAaC,cAAAA,OAAO,EAAE;AAAEC,gBAAAA,OAAO,EAAE;AAAX;AAAtB,aAde;;AAAA;AAAA;AAAA,mBAiBDK,kBAAGC,OAAH,CAAWlB,IAAX,EAAiByB,KAAjB,CAjBC;;AAAA;AAiBlBK,YAAAA,QAjBkB;;AAAA,kBAkBpBA,QAAQ,CAACV,MAAT,KAAoB,CAlBA;AAAA;AAAA;AAAA;;AAAA,8CAmBf;AAAEV,cAAAA,IAAI,EAAE,GAAR;AAAaC,cAAAA,OAAO,EAAE;AAAEC,gBAAAA,OAAO,EAAE;AAAX;AAAtB,aAnBe;;AAAA;AAAA;AAAA,mBAyBAd,EAAE,CAACiC,MAAH,CAAU;AAAEC,cAAAA,YAAY,EAAE,OAAhB;AAAyBC,cAAAA,gBAAgB,EAAE;AAA3C,aAAV,CAzBA;;AAAA;AAyBlBC,YAAAA,SAzBkB;AA0BlBC,YAAAA,QA1BkB,GA0BP;AACfC,cAAAA,KAAK,EAAE,QADQ;AAEfC,cAAAA,WAAW,EAAEH,SAAS,CAACG,WAFR;AAGfC,cAAAA,UAAU,EAAEJ,SAAS,CAACK,GAAV,CAAcC,OAAd,EAHG;AAIfC,cAAAA,KAAK,EAAE;AAJQ,aA1BO;AAgClBC,YAAAA,MAhCkB,GAgCT,IAAIC,6BAAJ,EAhCS;AAiClBC,YAAAA,KAjCkB,GAiCVC,+BAAgBC,cAAhB,CAA+BX,QAAQ,CAACM,KAAxC,EACZN,QAAQ,CAACE,WADG,EAEZF,QAAQ,CAACG,UAFG,CAjCU;AAAA;AAAA,mBAoClBI,MAAM,UAAN,CAAcP,QAAQ,CAACC,KAAvB,EAA8BQ,KAA9B,CApCkB;;AAAA;AAqClBG,YAAAA,OArCkB,GAqCR,IAAIC,sBAAJ,EArCQ;AAAA;AAuChBC,YAAAA,iBAvCgB,GAuCIC,mBAAKC,QAAL,CACxBC,eAAGC,YAAH,CAAgBC,iBAAKC,OAAL,CAAaC,SAAb,EAAwB/D,OAAO,CAACC,GAAR,CAAY+D,kBAApC,CAAhB,EAAyE,MAAzE,CADwB,CAvCJ;AA0ChBC,YAAAA,iBA1CgB,GA0CI;AACxBvB,cAAAA,QAAQ,EAAEA,QAAQ,CAACC,KADK;AAExBM,cAAAA,MAAM,EAANA,MAFwB;AAGxBiB,cAAAA,SAAS,EAAE;AAAEC,gBAAAA,OAAO,EAAE,KAAX;AAAkBC,gBAAAA,WAAW,EAAE;AAA/B;AAHa,aA1CJ;AAAA;AAAA,mBAgDhBd,OAAO,CAACe,OAAR,CAAgBb,iBAAhB,EAAmCS,iBAAnC,CAhDgB;;AAAA;AAAA;AAAA,mBAkDFX,OAAO,CAACgB,kBAAR,EAlDE;;AAAA;AAkDhBC,YAAAA,KAlDgB;AAAA;AAAA,mBAoDDlE,EAAE,CAACmE,QAAH,CAAY;AAC/BjC,cAAAA,YAAY,EAAEP,KADiB;AAE/BQ,cAAAA,gBAAgB,EAAEX,QAFa;AAG/B4C,cAAAA,IAAI,EAAE,MAHyB;AAI/BC,cAAAA,WAAW,EAAE,yBAJkB;AAK/BC,cAAAA,cAAc,EAAE,CAAC;AALc,aAAZ,EAMlBJ,KANkB,CApDC;;AAAA;AAoDhBK,YAAAA,MApDgB;AAAA;AAAA,mBA4DCvE,EAAE,CAACiC,MAAH,CAAU;AAC/BC,cAAAA,YAAY,EAAEP,KADiB;AAE/BQ,cAAAA,gBAAgB,EAAEoC,MAFa;AAG/B1C,cAAAA,GAAG,EAAHA;AAH+B,aAAV,CA5DD;;AAAA;AA4DhB2C,YAAAA,QA5DgB;AAkEtBvB,YAAAA,OAAO,CAACwB,UAAR;AACMC,YAAAA,MAnEgB,GAmEP,qBAAO/C,KAAP,CAnEO;AAAA;AAAA,mBAoEhBR,kBAAGwD,UAAH,CAAczE,IAAd,EAAoByB,KAApB,EAA2BH,QAA3B,EAAqCI,KAArC,EAA4C8C,MAA5C,CApEgB;;AAAA;AAAA;AAAA,mBAqEhBvD,kBAAGyD,YAAH,CAAgB1E,IAAhB,EAAsByB,KAAtB,EAA6B+C,MAA7B,EAAqC,IAArC,CArEgB;;AAAA;AAAA;AAAA,mBAsEhBvD,kBAAG0D,cAAH,CAAkB3E,IAAlB,EAAwByB,KAAxB,EAA+B6C,QAAQ,CAACjC,WAAxC,CAtEgB;;AAAA;AAAA,8CAuEf;AAAE3B,cAAAA,IAAI,EAAE,GAAR;AAAaC,cAAAA,OAAO,EAAE;AAAEiE,gBAAAA,IAAI,EAAEN,QAAQ,CAACjC;AAAjB;AAAtB,aAvEe;;AAAA;AAAA;AAAA;AAyEtB;AACAU,YAAAA,OAAO,CAACwB,UAAR;AA1EsB,8CA2Ef;AAAE7D,cAAAA,IAAI,EAAE,GAAR;AAAaC,cAAAA,OAAO,EAAE;AAAEC,gBAAAA,OAAO;AAAT;AAAtB,aA3Ee;;AAAA;AAAA;AAAA;AAAA;AAAA;AAAA;AAAA,GAAH;;AAAA,kBAAVY,UAAU;AAAA;AAAA;AAAA,GAAhB;AAgFP;;;;;;;;;;;;;;AAUO,IAAMqD,KAAK;AAAA,4FAAG,kBAAOpD,KAAP,EAAcH,QAAd,EAAwBe,WAAxB,EAAqCC,UAArC;AAAA;AAAA;AAAA;AAAA;AAAA;AAAA,gBACdb,KADc;AAAA;AAAA;AAAA;;AAAA,8CAEV;AAAEf,cAAAA,IAAI,EAAE,GAAR;AAAaC,cAAAA,OAAO,EAAE;AAAEC,gBAAAA,OAAO,EAAE;AAAX;AAAtB,aAFU;;AAAA;AAAA,kBAIf,CAACU,QAAD,IAAaA,QAAQ,CAACF,MAAT,KAAoB,EAJlB;AAAA;AAAA;AAAA;;AAAA,8CAKV;AAAEV,cAAAA,IAAI,EAAE,GAAR;AAAaC,cAAAA,OAAO,EAAE;AAAEC,gBAAAA,OAAO,EAAE;AAAX;AAAtB,aALU;;AAAA;AAAA,gBAOdC,iBAAUiE,qBAAV,CAAgCzC,WAAhC,CAPc;AAAA;AAAA;AAAA;;AAAA,8CAQV;AAAE3B,cAAAA,IAAI,EAAE,GAAR;AAAaC,cAAAA,OAAO,EAAE;AAAEC,gBAAAA,OAAO,EAAE;AAAX;AAAtB,aARU;;AAAA;AAAA,gBAUdC,iBAAUkE,oBAAV,CAA+BzC,UAA/B,CAVc;AAAA;AAAA;AAAA;;AAAA,8CAWV;AAAE5B,cAAAA,IAAI,EAAE,GAAR;AAAaC,cAAAA,OAAO,EAAE;AAAEC,gBAAAA,OAAO,EAAE;AAAX;AAAtB,aAXU;;AAAA;AAAA;AAAA,mBAcDK,kBAAGC,OAAH,CAAWlB,IAAX,EAAiByB,KAAjB,CAdC;;AAAA;AAcfN,YAAAA,KAde;;AAAA,kBAefA,KAAK,CAACC,MAAN,KAAiB,CAfF;AAAA;AAAA;AAAA;;AAAA;AAAA,mBAgBHH,kBAAG+D,cAAH,CAAkBhF,IAAlB,EAAwByB,KAAxB,CAhBG;;AAAA;AAgBjBN,YAAAA,KAhBiB;;AAAA,kBAiBbA,KAAK,CAACC,MAAN,KAAiB,CAjBJ;AAAA;AAAA;AAAA;;AAAA,8CAkBR;AAAEV,cAAAA,IAAI,EAAE,GAAR;AAAaC,cAAAA,OAAO,EAAE;AAAEC,gBAAAA,OAAO,EAAE;AAAX;AAAtB,aAlBQ;;AAAA;AAsBbS,YAAAA,IAtBa,GAsBNF,KAAK,CAAC,CAAD,CAtBC;;AAAA,kBAuBfE,IAAI,CAACC,QAAL,KAAkBA,QAvBH;AAAA;AAAA;AAAA;;AAAA,8CAwBV;AAAEZ,cAAAA,IAAI,EAAE,GAAR;AAAaC,cAAAA,OAAO,EAAE;AAAEC,gBAAAA,OAAO,EAAE;AAAX;AAAtB,aAxBU;;AAAA;AAAA;AAAA,mBA0BIC,iBAAUoE,eAAV,CAA0B;AAC/C9C,cAAAA,QAAQ,EAAE;AACRC,gBAAAA,KAAK,EAAEf,IAAI,CAACN,QADJ;AAERsB,gBAAAA,WAAW,EAAXA,WAFQ;AAGRC,gBAAAA,UAAU,EAAVA,UAHQ;AAIRG,gBAAAA,KAAK,EAAE;AAJC,eADqC;AAO/CyC,cAAAA,OAAO,EAAE;AACPC,gBAAAA,OAAO,EAAE,aADF;AAEPC,gBAAAA,SAAS,EAAE,eAFJ;AAGPC,gBAAAA,QAAQ,EAAE;AAHH,eAPsC;AAY/CC,cAAAA,WAAW,EAAE;AACXC,gBAAAA,IAAI,EAAE,cADK;AAEXC,gBAAAA,KAAK,EAAE,CAAC,EAAD;AAFI;AAZkC,aAA1B,CA1BJ;;AAAA;AA0BbC,YAAAA,QA1Ba;;AAAA,kBA2CfA,QAAQ,KAAK,IAAb,IACCA,QAAQ,CAACC,MAAT,CAAgBC,SAAhB,CAA0B,EAA1B,EAA8B,KAAKtE,IAAI,CAACN,QAAL,CAAcK,MAAjD,MAA6DC,IAAI,CAACN,QA5CpD;AAAA;AAAA;AAAA;;AAAA,8CA6CV;AAAEL,cAAAA,IAAI,EAAE,GAAR;AAAaC,cAAAA,OAAO,EAAE;AAAEC,gBAAAA,OAAO,EAAE;AAAX;AAAtB,aA7CU;;AAAA;AAgDbH,YAAAA,KAhDa,GAgDLmF,yBAAIC,IAAJ,CAAS;AAAEC,cAAAA,IAAI,EAAEzE,IAAI,CAACN,QAAb;AAAuBgF,cAAAA,MAAM,EAAE;AAA/B,aAAT,EACZ,cADY,EAEZ;AAAEC,cAAAA,SAAS,EAAE;AAAb,aAFY,CAhDK;AAAA,8CAmDZ;AAAEtF,cAAAA,IAAI,EAAE,GAAR;AAAaC,cAAAA,OAAO,EAAE;AAAEC,gBAAAA,OAAO,EAAE,SAAX;AAAsBH,gBAAAA,KAAK,EAALA,KAAtB;AAA6B+D,gBAAAA,MAAM,EAAEnD,IAAI,CAACmD;AAA1C;AAAtB,aAnDY;;AAAA;AAAA;AAAA;AAAA;AAAA;AAAA;AAAA,GAAH;;AAAA,kBAALK,KAAK;AAAA;AAAA;AAAA,GAAX;AAuDP;;;;;;;;;;AAMO,IAAMoB,MAAM;AAAA,4FAAG,kBAAOxF,KAAP;AAAA;AAAA;AAAA;AAAA;AAAA;AAAA,gBACfA,KADe;AAAA;AAAA;AAAA;;AAAA,8CAEX;AAAEC,cAAAA,IAAI,EAAE,GAAR;AAAaC,cAAAA,OAAO,EAAE;AAAEC,gBAAAA,OAAO,EAAE;AAAX;AAAtB,aAFW;;AAAA;AAAA;AAAA,mBAIGC,iBAAUC,gBAAV,CAA2BL,KAA3B,CAJH;;AAAA;AAIdM,YAAAA,QAJc;AAAA;AAAA,mBAKKb,QAAQ,CAACO,KAAD,CALb;;AAAA;AAKdO,YAAAA,UALc;;AAAA,kBAMhB,CAACD,QAAD,IAAaC,UAAU,IAAI,IANX;AAAA;AAAA;AAAA;;AAAA,8CAOX;AAAEN,cAAAA,IAAI,EAAE,GAAR;AAAaC,cAAAA,OAAO,EAAE;AAAEC,gBAAAA,OAAO,EAAE;AAAX;AAAtB,aAPW;;AAAA;AAAA;AAAA,mBASdT,mBAAY+F,GAAZ,CAAgBzF,KAAhB,EAAuBM,QAAvB,EAAiC,IAAjC,EAAuC,KAAK,EAA5C,CATc;;AAAA;AAAA,8CAUb;AAAEL,cAAAA,IAAI,EAAE,GAAR;AAAaC,cAAAA,OAAO,EAAE;AAAEC,gBAAAA,OAAO,EAAE;AAAX;AAAtB,aAVa;;AAAA;AAAA;AAAA;AAAA;AAAA;AAAA;AAAA,GAAH;;AAAA,kBAANqF,MAAM;AAAA;AAAA;AAAA,GAAZ","sourceRoot":"/app/src/service/","sourcesContent":["import fs from 'fs';\nimport sha256 from 'sha256';\nimport path from 'path';\nimport jwt from 'jsonwebtoken';\nimport FabricCAService from 'fabric-ca-client';\nimport { promisify } from 'util';\n\nimport { Gateway, InMemoryWallet, X509WalletMixin } from 'fabric-network';\n\nimport yaml from 'js-yaml';\nimport validator from '../helpers/auth';\nimport configDB from '../database/configDB';\nimport connection from '../database/connect';\nimport DB from '../database/utils';\nimport { redisClient } from '../adapter/redis';\n\n\nconst HOST = process.env.FABRIC_HOST || '167.71.49.240';\nconst PORT = process.env.FABRIC_PORT || 7054;\n\nconst ca = new FabricCAService(`http://${HOST}:${PORT}`);\nconst conn = connection(configDB);\nconst redisGet = promisify(redisClient.get).bind(redisClient);\n/**\n * Update user password\n * Changing user credentials\n *\n * body Body\n * no response value expected for this operation\n * */\nexport const changeUser = async (oldPassword, newPassword, token) => {\n  if (!token) {\n    return { code: 203, payload: { message: 'Not Authorized' } };\n  }\n  const username = await validator.getUserFromToken(token);\n  const blackToken = await redisGet(token);\n  if (!username || blackToken != null) {\n    return { code: 203, payload: { message: 'Not Authorized' } };\n  }\n\n  if (oldPassword === newPassword) {\n    return { code: 422, payload: 'You cannot change the password to the same' };\n  }\n\n  if (!newPassword) {\n    return { code: 422, payload: 'New password is empty' };\n  }\n\n  let users;\n  try {\n    users = await DB.getUser(conn, username);\n  } catch (e) {\n    return { code: 500, payload: { message: 'Something happened with database connection.' } };\n  }\n  if (users.length === 0) {\n    return { code: 404, payload: { message: 'User not found.' } };\n  }\n\n  const user = users[0];\n  if (oldPassword !== user.password) {\n    return { code: 422, payload: { message: 'Invalid password supplied.' } };\n  }\n\n  await DB.updateUser(conn, username, 'password', newPassword);\n  return { code: 200, payload: { message: 'User password successfully changed.' } };\n};\n\n\n/**\n * Create user\n * After registration user receive Certificate for Fabric CA\n *\n * login String\n * email String\n * password String\n * csr byte[]\n * no response value expected for this operation\n * */\nexport const createUser = async (login, email, password, csr) => {\n  if (!login || !login.match(/^[a-zA-Z0-9-_.]{2,20}$/g)) {\n    return { code: 422, payload: { message: 'Username is not specified' } };\n  }\n  if (!email || !email.match(\n    /^(([^<>()\\[\\]\\\\.,;:\\s@\"]+(\\.[^<>()\\[\\]\\\\.,;:\\s@\"]+)*)|(\".+\"))@((\\[[0-9]{1,3}\\.[0-9]{1,3}\\.[0-9]{1,3}\\.[0-9]{1,3}])|(([a-zA-Z\\-0-9]+\\.)+[a-zA-Z]{2,}))$/g,\n  )) {\n    return { code: 422, payload: { message: 'Email is not specified' } };\n  }\n  if (!password || password.length !== 64) {\n    return { code: 422, payload: { message: 'Password is invalid' } };\n  }\n\n  if (!csr || !validator.validationCSR(csr)) {\n    return { code: 422, payload: { message: 'CSR is not correct' } };\n  }\n\n  const userList = await DB.getUser(conn, login);\n  if (userList.length !== 0) {\n    return { code: 409, payload: { message: 'User with the same name already exists.' } };\n  }\n  /**\n   *\n   * @type {FabricCAServices.IEnrollResponse}\n   */\n  const adminData = await ca.enroll({ enrollmentID: 'admin', enrollmentSecret: 'password' });\n  const identity = {\n    label: 'client',\n    certificate: adminData.certificate,\n    privateKey: adminData.key.toBytes(),\n    mspId: '482solutions',\n  };\n  const wallet = new InMemoryWallet();\n  const mixin = X509WalletMixin.createIdentity(identity.mspId,\n    identity.certificate,\n    identity.privateKey);\n  await wallet.import(identity.label, mixin);\n  const gateway = new Gateway();\n  try {\n    const connectionProfile = yaml.safeLoad(\n      fs.readFileSync(path.resolve(__dirname, process.env.FABRIC_CONFIG_FILE), 'utf8'),\n    );\n    const connectionOptions = {\n      identity: identity.label,\n      wallet,\n      discovery: { enabled: false, asLocalhost: true },\n    };\n\n    await gateway.connect(connectionProfile, connectionOptions);\n\n    const admin = await gateway.getCurrentIdentity();\n\n    const secret = await ca.register({\n      enrollmentID: login,\n      enrollmentSecret: password,\n      role: 'peer',\n      affiliation: '482solutions.prj-fabric',\n      maxEnrollments: -1,\n    }, admin);\n\n    const userData = await ca.enroll({\n      enrollmentID: login,\n      enrollmentSecret: secret,\n      csr,\n    });\n\n    gateway.disconnect();\n    const folder = sha256(login);\n    await DB.insertUser(conn, login, password, email, folder);\n    await DB.insertFolder(conn, login, folder, null);\n    await DB.insertCertData(conn, login, userData.certificate);\n    return { code: 201, payload: { cert: userData.certificate } };\n  } catch (error) {\n    // Disconnect from the gateway\n    gateway.disconnect();\n    return { code: 400, payload: { message: error } };\n  }\n};\n\n\n/**\n * Login user into the system\n * Authentication for users to get in to the system and receive JWT token\n *\n * login String\n * password String\n * certificate byte[]\n * privateKey byte[]\n * no response value expected for this operation\n * */\nexport const logIn = async (login, password, certificate, privateKey) => {\n  if (!login) {\n    return { code: 422, payload: { message: 'Invalid username/email supplied.' } };\n  }\n  if (!password || password.length !== 64) {\n    return { code: 422, payload: { message: 'Invalid password supplied.' } };\n  }\n  if (!validator.validationCertificate(certificate)) {\n    return { code: 422, payload: { message: 'Certificate is not correct' } };\n  }\n  if (!validator.validationPrivateKey(privateKey)) {\n    return { code: 422, payload: { message: 'Private Key is not correct' } };\n  }\n\n  let users = await DB.getUser(conn, login);\n  if (users.length === 0) {\n    users = await DB.getUserByEmail(conn, login);\n    if (users.length === 0) {\n      return { code: 404, payload: { message: 'User not found.' } };\n    }\n  }\n\n  const user = users[0];\n  if (user.password !== password) {\n    return { code: 400, payload: { message: 'Invalid password supplied.' } };\n  }\n  const response = await validator.sendTransaction({\n    identity: {\n      label: user.username,\n      certificate,\n      privateKey,\n      mspId: '482solutions',\n    },\n    network: {\n      channel: 'testchannel',\n      chaincode: 'electricitycc',\n      contract: 'org.fabric.marketcontract',\n    },\n    transaction: {\n      name: 'registerUser',\n      props: [''],\n    },\n  });\n  if (response === null\n    || response.userId.substring(86, 86 + user.username.length) !== user.username) {\n    return { code: 403, payload: { message: 'Invalid certificate/private key supplied.' } };\n  }\n\n  const token = jwt.sign({ data: user.username, issuer: '482solutions' },\n    '482solutions',\n    { expiresIn: '1h' });\n  return { code: 200, payload: { message: 'Welcome', token, folder: user.folder } };\n};\n\n\n/**\n * Logout user from the system\n * Manualy exit from the system\n *\n * no response value expected for this operation\n * */\nexport const logout = async (token) => {\n  if (!token) {\n    return { code: 203, payload: { message: 'Not Authorized' } };\n  }\n  const username = await validator.getUserFromToken(token);\n  const blackToken = await redisGet(token);\n  if (!username || blackToken != null) {\n    return { code: 203, payload: { message: 'Not Authorized' } };\n  }\n  await redisClient.set(token, username, 'EX', 60 * 60);\n  return { code: 200, payload: { message: 'User successfully logout.' } };\n};\n"]},"_coverageSchema":"1a1c01bbd47fc00a2c39e90264f33305004495a9","hash":"8457bd41859e6d81b23166c2e9269fc84a630ab5","contentHash":"94de835d3dd3a2e772f718c636b5c541981d0ba1be15bb70a673540e7267d1c5"},"/app/src/helpers/auth.js":{"path":"/app/src/helpers/auth.js","statementMap":{"0":{"start":{"line":3,"column":29},"end":{"line":3,"column":84}},"1":{"start":{"line":5,"column":26},"end":{"line":5,"column":101}},"2":{"start":{"line":7,"column":19},"end":{"line":7,"column":80}},"3":{"start":{"line":9,"column":25},"end":{"line":9,"column":99}},"4":{"start":{"line":11,"column":10},"end":{"line":11,"column":47}},"5":{"start":{"line":13,"column":21},"end":{"line":13,"column":46}},"6":{"start":{"line":15,"column":20},"end":{"line":15,"column":67}},"7":{"start":{"line":17,"column":14},"end":{"line":17,"column":56}},"8":{"start":{"line":19,"column":12},"end":{"line":19,"column":51}},"9":{"start":{"line":21,"column":13},"end":{"line":21,"column":27}},"10":{"start":{"line":23,"column":0},"end":{"line":53,"column":2}},"11":{"start":{"line":25,"column":4},"end":{"line":30,"column":6}},"12":{"start":{"line":33,"column":2},"end":{"line":50,"column":3}},"13":{"start":{"line":34,"column":22},"end":{"line":34,"column":41}},"14":{"start":{"line":36,"column":4},"end":{"line":49,"column":7}},"15":{"start":{"line":37,"column":6},"end":{"line":46,"column":7}},"16":{"start":{"line":38,"column":26},"end":{"line":38,"column":56}},"17":{"start":{"line":40,"column":8},"end":{"line":43,"column":9}},"18":{"start":{"line":41,"column":10},"end":{"line":41,"column":34}},"19":{"start":{"line":42,"column":10},"end":{"line":42,"column":32}},"20":{"start":{"line":45,"column":8},"end":{"line":45,"column":37}},"21":{"start":{"line":48,"column":6},"end":{"line":48,"column":35}},"22":{"start":{"line":52,"column":2},"end":{"line":52,"column":31}},"23":{"start":{"line":55,"column":0},"end":{"line":62,"column":2}},"24":{"start":{"line":56,"column":2},"end":{"line":61,"column":5}},"25":{"start":{"line":64,"column":0},"end":{"line":67,"column":2}},"26":{"start":{"line":65,"column":19},"end":{"line":65,"column":43}},"27":{"start":{"line":66,"column":2},"end":{"line":66,"column":114}},"28":{"start":{"line":69,"column":0},"end":{"line":72,"column":2}},"29":{"start":{"line":70,"column":20},"end":{"line":70,"column":44}},"30":{"start":{"line":71,"column":2},"end":{"line":71,"column":116}},"31":{"start":{"line":74,"column":0},"end":{"line":77,"column":2}},"32":{"start":{"line":75,"column":12},"end":{"line":75,"column":36}},"33":{"start":{"line":76,"column":2},"end":{"line":76,"column":116}},"34":{"start":{"line":79,"column":0},"end":{"line":120,"column":4}},"35":{"start":{"line":80,"column":13},"end":{"line":115,"column":5}},"36":{"start":{"line":82,"column":4},"end":{"line":114,"column":32}},"37":{"start":{"line":83,"column":6},"end":{"line":113,"column":7}},"38":{"start":{"line":84,"column":8},"end":{"line":112,"column":9}},"39":{"start":{"line":86,"column":12},"end":{"line":89,"column":13}},"40":{"start":{"line":87,"column":14},"end":{"line":87,"column":33}},"41":{"start":{"line":88,"column":14},"end":{"line":88,"column":20}},"42":{"start":{"line":91,"column":12},"end":{"line":91,"column":46}},"43":{"start":{"line":92,"column":12},"end":{"line":92,"column":30}},"44":{"start":{"line":93,"column":12},"end":{"line":93,"column":30}},"45":{"start":{"line":94,"column":12},"end":{"line":94,"column":99}},"46":{"start":{"line":97,"column":12},"end":{"line":97,"column":41}},"47":{"start":{"line":98,"column":12},"end":{"line":98,"column":31}},"48":{"start":{"line":99,"column":12},"end":{"line":99,"column":18}},"49":{"start":{"line":102,"column":12},"end":{"line":102,"column":30}},"50":{"start":{"line":103,"column":12},"end":{"line":103,"column":47}},"51":{"start":{"line":104,"column":12},"end":{"line":104,"column":51}},"52":{"start":{"line":107,"column":12},"end":{"line":107,"column":64}},"53":{"start":{"line":111,"column":12},"end":{"line":111,"column":35}},"54":{"start":{"line":117,"column":2},"end":{"line":119,"column":4}},"55":{"start":{"line":118,"column":4},"end":{"line":118,"column":39}},"56":{"start":{"line":122,"column":0},"end":{"line":187,"column":4}},"57":{"start":{"line":123,"column":14},"end":{"line":182,"column":5}},"58":{"start":{"line":125,"column":4},"end":{"line":181,"column":34}},"59":{"start":{"line":126,"column":6},"end":{"line":180,"column":7}},"60":{"start":{"line":127,"column":8},"end":{"line":179,"column":9}},"61":{"start":{"line":129,"column":12},"end":{"line":129,"column":103}},"62":{"start":{"line":130,"column":12},"end":{"line":130,"column":57}},"63":{"start":{"line":131,"column":12},"end":{"line":131,"column":125}},"64":{"start":{"line":132,"column":12},"end":{"line":132,"column":31}},"65":{"start":{"line":133,"column":12},"end":{"line":133,"column":59}},"66":{"start":{"line":136,"column":12},"end":{"line":136,"column":51}},"67":{"start":{"line":137,"column":12},"end":{"line":137,"column":31}},"68":{"start":{"line":138,"column":12},"end":{"line":138,"column":166}},"69":{"start":{"line":139,"column":12},"end":{"line":146,"column":14}},"70":{"start":{"line":147,"column":12},"end":{"line":147,"column":32}},"71":{"start":{"line":148,"column":12},"end":{"line":148,"column":73}},"72":{"start":{"line":151,"column":12},"end":{"line":151,"column":32}},"73":{"start":{"line":152,"column":12},"end":{"line":152,"column":62}},"74":{"start":{"line":155,"column":12},"end":{"line":155,"column":37}},"75":{"start":{"line":156,"column":12},"end":{"line":156,"column":32}},"76":{"start":{"line":157,"column":12},"end":{"line":157,"column":90}},"77":{"start":{"line":160,"column":12},"end":{"line":160,"column":38}},"78":{"start":{"line":161,"column":12},"end":{"line":161,"column":32}},"79":{"start":{"line":162,"column":12},"end":{"line":162,"column":145}},"80":{"start":{"line":165,"column":12},"end":{"line":165,"column":43}},"81":{"start":{"line":166,"column":12},"end":{"line":166,"column":33}},"82":{"start":{"line":167,"column":12},"end":{"line":167,"column":84}},"83":{"start":{"line":170,"column":12},"end":{"line":170,"column":32}},"84":{"start":{"line":171,"column":12},"end":{"line":171,"column":49}},"85":{"start":{"line":172,"column":12},"end":{"line":172,"column":85}},"86":{"start":{"line":173,"column":12},"end":{"line":173,"column":33}},"87":{"start":{"line":174,"column":12},"end":{"line":174,"column":52}},"88":{"start":{"line":178,"column":12},"end":{"line":178,"column":36}},"89":{"start":{"line":184,"column":2},"end":{"line":186,"column":4}},"90":{"start":{"line":185,"column":4},"end":{"line":185,"column":40}}},"fnMap":{"0":{"name":"verifyToken","decl":{"start":{"line":23,"column":31},"end":{"line":23,"column":42}},"loc":{"start":{"line":23,"column":79},"end":{"line":53,"column":1}},"line":23},"1":{"name":"sendError","decl":{"start":{"line":24,"column":11},"end":{"line":24,"column":20}},"loc":{"start":{"line":24,"column":23},"end":{"line":31,"column":3}},"line":24},"2":{"name":"(anonymous_2)","decl":{"start":{"line":36,"column":65},"end":{"line":36,"column":66}},"loc":{"start":{"line":36,"column":108},"end":{"line":49,"column":5}},"line":36},"3":{"name":"issueToken","decl":{"start":{"line":55,"column":30},"end":{"line":55,"column":40}},"loc":{"start":{"line":55,"column":51},"end":{"line":62,"column":1}},"line":55},"4":{"name":"(anonymous_4)","decl":{"start":{"line":64,"column":31},"end":{"line":64,"column":32}},"loc":{"start":{"line":64,"column":49},"end":{"line":67,"column":1}},"line":64},"5":{"name":"(anonymous_5)","decl":{"start":{"line":69,"column":32},"end":{"line":69,"column":33}},"loc":{"start":{"line":69,"column":50},"end":{"line":72,"column":1}},"line":69},"6":{"name":"(anonymous_6)","decl":{"start":{"line":74,"column":24},"end":{"line":74,"column":25}},"loc":{"start":{"line":74,"column":42},"end":{"line":77,"column":1}},"line":74},"7":{"name":"(anonymous_7)","decl":{"start":{"line":79,"column":40},"end":{"line":79,"column":41}},"loc":{"start":{"line":79,"column":52},"end":{"line":120,"column":1}},"line":79},"8":{"name":"_callee","decl":{"start":{"line":80,"column":100},"end":{"line":80,"column":107}},"loc":{"start":{"line":80,"column":115},"end":{"line":115,"column":3}},"line":80},"9":{"name":"_callee$","decl":{"start":{"line":82,"column":49},"end":{"line":82,"column":57}},"loc":{"start":{"line":82,"column":68},"end":{"line":114,"column":5}},"line":82},"10":{"name":"(anonymous_10)","decl":{"start":{"line":117,"column":9},"end":{"line":117,"column":10}},"loc":{"start":{"line":117,"column":23},"end":{"line":119,"column":3}},"line":117},"11":{"name":"(anonymous_11)","decl":{"start":{"line":122,"column":39},"end":{"line":122,"column":40}},"loc":{"start":{"line":122,"column":51},"end":{"line":187,"column":1}},"line":122},"12":{"name":"_callee2","decl":{"start":{"line":123,"column":101},"end":{"line":123,"column":109}},"loc":{"start":{"line":123,"column":117},"end":{"line":182,"column":3}},"line":123},"13":{"name":"_callee2$","decl":{"start":{"line":125,"column":49},"end":{"line":125,"column":58}},"loc":{"start":{"line":125,"column":70},"end":{"line":181,"column":5}},"line":125},"14":{"name":"(anonymous_14)","decl":{"start":{"line":184,"column":9},"end":{"line":184,"column":10}},"loc":{"start":{"line":184,"column":24},"end":{"line":186,"column":3}},"line":184}},"branchMap":{"0":{"loc":{"start":{"line":33,"column":2},"end":{"line":50,"column":3}},"type":"if","locations":[{"start":{"line":33,"column":2},"end":{"line":50,"column":3}},{"start":{"line":33,"column":2},"end":{"line":50,"column":3}}],"line":33},"1":{"loc":{"start":{"line":33,"column":6},"end":{"line":33,"column":45}},"type":"binary-expr","locations":[{"start":{"line":33,"column":6},"end":{"line":33,"column":11}},{"start":{"line":33,"column":15},"end":{"line":33,"column":45}}],"line":33},"2":{"loc":{"start":{"line":37,"column":6},"end":{"line":46,"column":7}},"type":"if","locations":[{"start":{"line":37,"column":6},"end":{"line":46,"column":7}},{"start":{"line":37,"column":6},"end":{"line":46,"column":7}}],"line":37},"3":{"loc":{"start":{"line":37,"column":10},"end":{"line":37,"column":52}},"type":"binary-expr","locations":[{"start":{"line":37,"column":10},"end":{"line":37,"column":36}},{"start":{"line":37,"column":40},"end":{"line":37,"column":52}}],"line":37},"4":{"loc":{"start":{"line":40,"column":8},"end":{"line":43,"column":9}},"type":"if","locations":[{"start":{"line":40,"column":8},"end":{"line":43,"column":9}},{"start":{"line":40,"column":8},"end":{"line":43,"column":9}}],"line":40},"5":{"loc":{"start":{"line":66,"column":9},"end":{"line":66,"column":113}},"type":"binary-expr","locations":[{"start":{"line":66,"column":9},"end":{"line":66,"column":61}},{"start":{"line":66,"column":65},"end":{"line":66,"column":113}}],"line":66},"6":{"loc":{"start":{"line":71,"column":9},"end":{"line":71,"column":115}},"type":"binary-expr","locations":[{"start":{"line":71,"column":9},"end":{"line":71,"column":62}},{"start":{"line":71,"column":66},"end":{"line":71,"column":115}}],"line":71},"7":{"loc":{"start":{"line":76,"column":9},"end":{"line":76,"column":115}},"type":"binary-expr","locations":[{"start":{"line":76,"column":9},"end":{"line":76,"column":62}},{"start":{"line":76,"column":66},"end":{"line":76,"column":115}}],"line":76},"8":{"loc":{"start":{"line":84,"column":8},"end":{"line":112,"column":9}},"type":"switch","locations":[{"start":{"line":85,"column":10},"end":{"line":94,"column":99}},{"start":{"line":96,"column":10},"end":{"line":99,"column":18}},{"start":{"line":101,"column":10},"end":{"line":104,"column":51}},{"start":{"line":106,"column":10},"end":{"line":107,"column":64}},{"start":{"line":109,"column":10},"end":{"line":109,"column":18}},{"start":{"line":110,"column":10},"end":{"line":111,"column":35}}],"line":84},"9":{"loc":{"start":{"line":86,"column":12},"end":{"line":89,"column":13}},"type":"if","locations":[{"start":{"line":86,"column":12},"end":{"line":89,"column":13}},{"start":{"line":86,"column":12},"end":{"line":89,"column":13}}],"line":86},"10":{"loc":{"start":{"line":86,"column":18},"end":{"line":86,"column":57}},"type":"binary-expr","locations":[{"start":{"line":86,"column":18},"end":{"line":86,"column":23}},{"start":{"line":86,"column":27},"end":{"line":86,"column":57}}],"line":86},"11":{"loc":{"start":{"line":127,"column":8},"end":{"line":179,"column":9}},"type":"switch","locations":[{"start":{"line":128,"column":10},"end":{"line":133,"column":59}},{"start":{"line":135,"column":10},"end":{"line":148,"column":73}},{"start":{"line":150,"column":10},"end":{"line":152,"column":62}},{"start":{"line":154,"column":10},"end":{"line":157,"column":90}},{"start":{"line":159,"column":10},"end":{"line":162,"column":145}},{"start":{"line":164,"column":10},"end":{"line":167,"column":84}},{"start":{"line":169,"column":10},"end":{"line":174,"column":52}},{"start":{"line":176,"column":10},"end":{"line":176,"column":18}},{"start":{"line":177,"column":10},"end":{"line":178,"column":36}}],"line":127}},"s":{"0":1,"1":1,"2":1,"3":1,"4":1,"5":1,"6":1,"7":1,"8":1,"9":1,"10":1,"11":0,"12":0,"13":0,"14":0,"15":0,"16":0,"17":0,"18":0,"19":0,"20":0,"21":0,"22":0,"23":1,"24":0,"25":1,"26":8,"27":8,"28":1,"29":8,"30":8,"31":1,"32":9,"33":9,"34":1,"35":1,"36":10,"37":30,"38":40,"39":10,"40":0,"41":0,"42":10,"43":10,"44":10,"45":10,"46":10,"47":10,"48":10,"49":0,"50":0,"51":0,"52":10,"53":10,"54":1,"55":10,"56":1,"57":1,"58":8,"59":56,"60":56,"61":8,"62":8,"63":8,"64":8,"65":8,"66":8,"67":8,"68":8,"69":8,"70":8,"71":8,"72":8,"73":8,"74":8,"75":8,"76":8,"77":8,"78":8,"79":8,"80":8,"81":8,"82":8,"83":0,"84":0,"85":0,"86":0,"87":0,"88":8,"89":1,"90":8},"f":{"0":0,"1":0,"2":0,"3":0,"4":8,"5":8,"6":9,"7":1,"8":10,"9":30,"10":10,"11":1,"12":8,"13":56,"14":8},"b":{"0":[0,0],"1":[0,0],"2":[0,0],"3":[0,0],"4":[0,0],"5":[8,8],"6":[8,8],"7":[9,9],"8":[10,10,0,10,0,10],"9":[0,10],"10":[10,10],"11":[8,8,8,8,8,8,0,0,8]},"inputSourceMap":{"version":3,"sources":["auth.js"],"names":["issuer","exports","verifyToken","req","authOrSecDef","token","callback","sendError","code","payload","message","indexOf","tokenString","split","jwt","verify","verificationError","decodedToken","issuerMatch","auth","issueToken","username","sign","name","expiresIn","validationPrivateKey","string","privateKey","toString","trim","startsWith","endsWith","validationCertificate","certificate","validationCSR","csr","getUserFromToken","data","sendTransaction","identity","transaction","networkOptions","network","wallet","InMemoryWallet","mixin","X509WalletMixin","createIdentity","mspId","label","gateway","Gateway","connectionProfile","yaml","safeLoad","fs","readFileSync","path","resolve","__dirname","process","env","FABRIC_CONFIG_FILE","connectionOptions","discovery","enabled","asLocalhost","connect","getNetwork","channel","getContract","chaincode","contract","submitTransaction","props","issueResponse","disconnect","JSON","parse","console","log","stack"],"mappings":";;;;;;;;;;AAAA;;AACA;;AACA;;AACA;;AACA;;AAEA,IAAMA,MAAM,GAAG,cAAf;;AAGAC,OAAO,CAACC,WAAR,GAAsB,SAASA,WAAT,CAAqBC,GAArB,EAA0BC,YAA1B,EAAwCC,KAAxC,EAA+CC,QAA/C,EAAyD;AAC7E,WAASC,SAAT,GAAqB;AACnB,WAAO;AAAEC,MAAAA,IAAI,EAAE,GAAR;AAAaC,MAAAA,OAAO,EAAE;AAAEC,QAAAA,OAAO,EAAE;AAAX;AAAtB,KAAP;AACD;;AAED,MAAIL,KAAK,IAAIA,KAAK,CAACM,OAAN,CAAc,SAAd,MAA6B,CAA1C,EAA6C;AAC3C,QAAMC,WAAW,GAAGP,KAAK,CAACQ,KAAN,CAAY,GAAZ,EAAiB,CAAjB,CAApB;;AACAC,6BAAIC,MAAJ,CAAWH,WAAX,EAAwB,cAAxB,EAAwC,UAACI,iBAAD,EAAoBC,YAApB,EAAqC;AAC3E,UAAID,iBAAiB,KAAK,IAAtB,IAA8BC,YAAlC,EAAgD;AAC9C,YAAMC,WAAW,GAAGD,YAAY,CAACjB,MAAb,KAAwBA,MAA5C;;AACA,YAAIkB,WAAJ,EAAiB;AACff,UAAAA,GAAG,CAACgB,IAAJ,GAAWF,YAAX;AACA,iBAAOX,QAAQ,CAAC,IAAD,CAAf;AACD;;AACD,eAAOA,QAAQ,CAACC,SAAS,EAAV,CAAf;AACD;;AACD,aAAOD,QAAQ,CAACC,SAAS,EAAV,CAAf;AACD,KAVD;AAWD;;AACD,SAAOD,QAAQ,CAACC,SAAS,EAAV,CAAf;AACD,CApBD;;AAsBAN,OAAO,CAACmB,UAAR,GAAqB,SAASA,UAAT,CAAoBC,QAApB,EAA8B;AACjD,SAAOP,yBAAIQ,IAAJ,CAAS;AAAEC,IAAAA,IAAI,EAAEF,QAAR;AAAkBrB,IAAAA,MAAM,EAANA;AAAlB,GAAT,EAAqC,cAArC,EAAqD;AAAEwB,IAAAA,SAAS,EAAE;AAAb,GAArD,CAAP;AACD,CAFD;;AAIAvB,OAAO,CAACwB,oBAAR,GAA+B,UAACC,MAAD,EAAY;AACzC,MAAMC,UAAU,GAAGD,MAAM,CAACE,QAAP,GAAkBC,IAAlB,EAAnB;AACA,SAAOF,UAAU,CAACG,UAAX,CAAsB,6BAAtB,KAAwDH,UAAU,CAACI,QAAX,CAAoB,2BAApB,CAA/D;AACD,CAHD;;AAIA9B,OAAO,CAAC+B,qBAAR,GAAgC,UAACN,MAAD,EAAY;AAC1C,MAAMO,WAAW,GAAGP,MAAM,CAACE,QAAP,GAAkBC,IAAlB,EAApB;AACA,SAAOI,WAAW,CAACH,UAAZ,CAAuB,6BAAvB,KAAyDG,WAAW,CAACF,QAAZ,CAAqB,2BAArB,CAAhE;AACD,CAHD;;AAIA9B,OAAO,CAACiC,aAAR,GAAwB,UAACR,MAAD,EAAY;AAClC,MAAMS,GAAG,GAAGT,MAAM,CAACE,QAAP,GAAkBC,IAAlB,EAAZ;AACA,SAAOM,GAAG,CAACL,UAAJ,CAAe,qCAAf,KAAyDK,GAAG,CAACJ,QAAJ,CAAa,mCAAb,CAAhE;AACD,CAHD;;AAKA9B,OAAO,CAACmC,gBAAR;AAAA,2FAA2B,iBAAM/B,KAAN;AAAA;AAAA;AAAA;AAAA;AAAA;AAAA,kBAErBA,KAAK,IAAIA,KAAK,CAACM,OAAN,CAAc,SAAd,MAA6B,CAFjB;AAAA;AAAA;AAAA;;AAGjBC,YAAAA,WAHiB,GAGHP,KAAK,CAACQ,KAAN,CAAY,GAAZ,EAAiB,CAAjB,CAHG;AAAA;AAAA;AAAA,mBAKAC,yBAAIC,MAAJ,CAAWH,WAAX,EAAwB,eAAegB,QAAf,CAAwB,QAAxB,CAAxB,CALA;;AAAA;AAKrBX,YAAAA,YALqB;AAAA;AAAA;;AAAA;AAAA;AAAA;AAAA,6CAOd,IAPc;;AAAA;AAAA,6CAUlBA,YAAY,CAACoB,IAVK;;AAAA;AAAA;AAAA;AAAA;AAAA;AAAA;AAAA,GAA3B;;AAAA;AAAA;AAAA;AAAA;;AAaApC,OAAO,CAACqC,eAAR;AAAA,4FAA0B;AAAA;AAAA;AAAA;AAAA;AAAA;AAAQC,YAAAA,QAAR,SAAQA,QAAR,EAAkBC,WAAlB,SAAkBA,WAAlB,EAAwCC,cAAxC,SAA+BC,OAA/B;AAClBC,YAAAA,MADkB,GACT,IAAIC,6BAAJ,EADS;AAElBC,YAAAA,KAFkB,GAEVC,+BAAgBC,cAAhB,CACZR,QAAQ,CAACS,KADG,EAEZT,QAAQ,CAACN,WAFG,EAGZM,QAAQ,CAACZ,UAHG,CAFU;AAAA;AAAA,mBAOlBgB,MAAM,UAAN,CAAcJ,QAAQ,CAACU,KAAvB,EAA8BJ,KAA9B,CAPkB;;AAAA;AAQlBK,YAAAA,OARkB,GAQR,IAAIC,sBAAJ,EARQ;AAAA;AAUhBC,YAAAA,iBAVgB,GAUIC,mBAAKC,QAAL,CACxBC,eAAGC,YAAH,CAAgBC,iBAAKC,OAAL,CAAaC,SAAb,EAAwBC,OAAO,CAACC,GAAR,CAAYC,kBAApC,CAAhB,EAAyE,MAAzE,CADwB,CAVJ;AAahBC,YAAAA,iBAbgB,GAaI;AACxBxB,cAAAA,QAAQ,EAAEA,QAAQ,CAACU,KADK;AAExBN,cAAAA,MAAM,EAANA,MAFwB;AAGxBqB,cAAAA,SAAS,EAAE;AAAEC,gBAAAA,OAAO,EAAE,KAAX;AAAkBC,gBAAAA,WAAW,EAAE;AAA/B;AAHa,aAbJ;AAAA;AAAA,mBAkBhBhB,OAAO,CAACiB,OAAR,CAAgBf,iBAAhB,EAAmCW,iBAAnC,CAlBgB;;AAAA;AAAA;AAAA,mBAmBAb,OAAO,CAACkB,UAAR,CAAmB3B,cAAc,CAAC4B,OAAlC,CAnBA;;AAAA;AAmBhB3B,YAAAA,OAnBgB;AAAA;AAAA,mBAoBCA,OAAO,CAAC4B,WAAR,CAAoB7B,cAAc,CAAC8B,SAAnC,EAA8C9B,cAAc,CAAC+B,QAA7D,CApBD;;AAAA;AAoBhBA,YAAAA,QApBgB;AAAA;AAAA,mBAqBMA,QAAQ,CAACC,iBAAT,OAAAD,QAAQ,GAAmBhC,WAAW,CAACjB,IAA/B,6CAAwCiB,WAAW,CAACkC,KAApD,GArBd;;AAAA;AAqBhBC,YAAAA,aArBgB;AAsBtBzB,YAAAA,OAAO,CAAC0B,UAAR;AAtBsB,8CAuBfC,IAAI,CAACC,KAAL,CAAWH,aAAa,CAAC/C,QAAd,EAAX,CAvBe;;AAAA;AAAA;AAAA;AAyBtBmD,YAAAA,OAAO,CAACC,GAAR,yCAA6C,aAAMC,KAAnD;AACA/B,YAAAA,OAAO,CAAC0B,UAAR;AA1BsB,8CA2Bf,IA3Be;;AAAA;AAAA;AAAA;AAAA;AAAA;AAAA;AAAA,GAA1B;;AAAA;AAAA;AAAA;AAAA","sourceRoot":"/app/src/helpers/","sourcesContent":["import fs from 'fs';\nimport { Gateway, InMemoryWallet, X509WalletMixin } from 'fabric-network';\nimport jwt from 'jsonwebtoken';\nimport yaml from 'js-yaml';\nimport path from 'path';\n\nconst issuer = '482solutions';\n\n\nexports.verifyToken = function verifyToken(req, authOrSecDef, token, callback) {\n  function sendError() {\n    return { code: 404, payload: { message: 'Invalid token supplied.' } };\n  }\n\n  if (token && token.indexOf('Bearer ') === 0) {\n    const tokenString = token.split(' ')[1];\n    jwt.verify(tokenString, '482solutions', (verificationError, decodedToken) => {\n      if (verificationError === null && decodedToken) {\n        const issuerMatch = decodedToken.issuer === issuer;\n        if (issuerMatch) {\n          req.auth = decodedToken;\n          return callback(null);\n        }\n        return callback(sendError());\n      }\n      return callback(sendError());\n    });\n  }\n  return callback(sendError());\n};\n\nexports.issueToken = function issueToken(username) {\n  return jwt.sign({ name: username, issuer }, '482solutions', { expiresIn: '1h' });\n};\n\nexports.validationPrivateKey = (string) => {\n  const privateKey = string.toString().trim();\n  return privateKey.startsWith('-----BEGIN PRIVATE KEY-----') && privateKey.endsWith('-----END PRIVATE KEY-----');\n};\nexports.validationCertificate = (string) => {\n  const certificate = string.toString().trim();\n  return certificate.startsWith('-----BEGIN CERTIFICATE-----') && certificate.endsWith('-----END CERTIFICATE-----');\n};\nexports.validationCSR = (string) => {\n  const csr = string.toString().trim();\n  return csr.startsWith('-----BEGIN CERTIFICATE REQUEST-----') && csr.endsWith('-----END CERTIFICATE REQUEST-----');\n};\n\nexports.getUserFromToken = async(token) => {\n  let decodedToken;\n  if (token && token.indexOf('Bearer ') === 0) {\n    const tokenString = token.split(' ')[1];\n    try {\n      decodedToken = await jwt.verify(tokenString, '482solutions'.toString('base64'));\n    } catch (e) {\n      return null;\n    }\n  }\n  return decodedToken.data;\n};\n\nexports.sendTransaction = async({ identity, transaction, network: networkOptions }) => {\n  const wallet = new InMemoryWallet();\n  const mixin = X509WalletMixin.createIdentity(\n    identity.mspId,\n    identity.certificate,\n    identity.privateKey,\n  );\n  await wallet.import(identity.label, mixin);\n  const gateway = new Gateway();\n  try {\n    const connectionProfile = yaml.safeLoad(\n      fs.readFileSync(path.resolve(__dirname, process.env.FABRIC_CONFIG_FILE), 'utf8'),\n    );\n    const connectionOptions = {\n      identity: identity.label,\n      wallet,\n      discovery: { enabled: false, asLocalhost: true },\n    };\n    await gateway.connect(connectionProfile, connectionOptions);\n    const network = await gateway.getNetwork(networkOptions.channel);\n    const contract = await network.getContract(networkOptions.chaincode, networkOptions.contract);\n    const issueResponse = await contract.submitTransaction(transaction.name, ...transaction.props);\n    gateway.disconnect();\n    return JSON.parse(issueResponse.toString());\n  } catch (error) {\n    console.log(`Error processing transaction. ${error.stack}`);\n    gateway.disconnect();\n    return null;\n  }\n};\n"]},"_coverageSchema":"1a1c01bbd47fc00a2c39e90264f33305004495a9","hash":"42fa23680a52858bddc01930327558706d123ffa","contentHash":"08eea8ab1a7be170450f768613c6f1c752748ca6854cfb2f0aea950b673f661d"},"/app/src/database/configDB.js":{"path":"/app/src/database/configDB.js","statementMap":{"0":{"start":{"line":3,"column":0},"end":{"line":9,"column":2}}},"fnMap":{},"branchMap":{},"s":{"0":1},"f":{},"b":{},"inputSourceMap":{"version":3,"sources":["configDB.js"],"names":["module","exports","user","process","env","POSTGRES_USER","host","DATABASE_HOST","database","POSTGRES_DB","password","POSTGRES_PASSWORD","port","DATABASE_PORT"],"mappings":";;AAAAA,MAAM,CAACC,OAAP,GAAiB;AACfC,EAAAA,IAAI,EAAEC,OAAO,CAACC,GAAR,CAAYC,aADH;AAEfC,EAAAA,IAAI,EAAEH,OAAO,CAACC,GAAR,CAAYG,aAFH;AAGfC,EAAAA,QAAQ,EAAEL,OAAO,CAACC,GAAR,CAAYK,WAHP;AAIfC,EAAAA,QAAQ,EAAEP,OAAO,CAACC,GAAR,CAAYO,iBAJP;AAKfC,EAAAA,IAAI,EAAET,OAAO,CAACC,GAAR,CAAYS;AALH,CAAjB","sourceRoot":"/app/src/database/","sourcesContent":["module.exports = {\n  user: process.env.POSTGRES_USER,\n  host: process.env.DATABASE_HOST,\n  database: process.env.POSTGRES_DB,\n  password: process.env.POSTGRES_PASSWORD,\n  port: process.env.DATABASE_PORT,\n};\n"]},"_coverageSchema":"1a1c01bbd47fc00a2c39e90264f33305004495a9","hash":"6b5a78d36ccde22162c4c5be4d6cb7f419fe18c5","contentHash":"b3017f07d7e436a3c4cf9a5e427b763b70c14c39982316fbdbfee7085be529b7"},"/app/src/database/connect.js":{"path":"/app/src/database/connect.js","statementMap":{"0":{"start":{"line":3,"column":29},"end":{"line":3,"column":84}},"1":{"start":{"line":5,"column":10},"end":{"line":5,"column":47}},"2":{"start":{"line":7,"column":16},"end":{"line":7,"column":61}},"3":{"start":{"line":9,"column":11},"end":{"line":9,"column":56}},"4":{"start":{"line":10,"column":0},"end":{"line":10,"column":15}},"5":{"start":{"line":12,"column":0},"end":{"line":14,"column":2}},"6":{"start":{"line":13,"column":2},"end":{"line":13,"column":14}}},"fnMap":{"0":{"name":"(anonymous_0)","decl":{"start":{"line":12,"column":17},"end":{"line":12,"column":18}},"loc":{"start":{"line":12,"column":29},"end":{"line":14,"column":1}},"line":12}},"branchMap":{},"s":{"0":1,"1":1,"2":1,"3":1,"4":1,"5":1,"6":3},"f":{"0":3},"b":{},"inputSourceMap":{"version":3,"sources":["connect.js"],"names":["pool","pg","Pool","configDB","connect","module","exports"],"mappings":";;;;AAAA;;AACA;;AAEA,IAAMA,IAAI,GAAG,IAAIC,eAAGC,IAAP,CAAYC,oBAAZ,CAAb;AACAH,IAAI,CAACI,OAAL;;AACAC,MAAM,CAACC,OAAP,GAAiB;AAAA,SAAMN,IAAN;AAAA,CAAjB","sourceRoot":"/app/src/database/","sourcesContent":["import pg from 'pg';\nimport configDB from './configDB';\n\nconst pool = new pg.Pool(configDB);\npool.connect();\nmodule.exports = () => pool;\n"]},"_coverageSchema":"1a1c01bbd47fc00a2c39e90264f33305004495a9","hash":"e1b9f578262828ae4735ac68a3e20ccb7d3ecd37","contentHash":"670ba0ffb4b9fdcb7918e1aea64f1160b944a10c2d653c52c3175b7bbcca609b"},"/app/src/database/utils.js":{"path":"/app/src/database/utils.js","statementMap":{"0":{"start":{"line":3,"column":29},"end":{"line":3,"column":84}},"1":{"start":{"line":5,"column":19},"end":{"line":5,"column":80}},"2":{"start":{"line":7,"column":25},"end":{"line":7,"column":99}},"3":{"start":{"line":9,"column":13},"end":{"line":9,"column":55}},"4":{"start":{"line":11,"column":0},"end":{"line":11,"column":41}},"5":{"start":{"line":13,"column":0},"end":{"line":40,"column":4}},"6":{"start":{"line":14,"column":17},"end":{"line":33,"column":5}},"7":{"start":{"line":16,"column":4},"end":{"line":32,"column":16}},"8":{"start":{"line":17,"column":6},"end":{"line":31,"column":7}},"9":{"start":{"line":18,"column":8},"end":{"line":30,"column":9}},"10":{"start":{"line":20,"column":12},"end":{"line":20,"column":30}},"11":{"start":{"line":21,"column":12},"end":{"line":21,"column":115}},"12":{"start":{"line":24,"column":12},"end":{"line":24,"column":35}},"13":{"start":{"line":25,"column":12},"end":{"line":25,"column":58}},"14":{"start":{"line":29,"column":12},"end":{"line":29,"column":35}},"15":{"start":{"line":36,"column":4},"end":{"line":36,"column":43}},"16":{"start":{"line":39,"column":2},"end":{"line":39,"column":17}},"17":{"start":{"line":42,"column":0},"end":{"line":69,"column":4}},"18":{"start":{"line":43,"column":18},"end":{"line":62,"column":5}},"19":{"start":{"line":45,"column":4},"end":{"line":61,"column":17}},"20":{"start":{"line":46,"column":6},"end":{"line":60,"column":7}},"21":{"start":{"line":47,"column":8},"end":{"line":59,"column":9}},"22":{"start":{"line":49,"column":12},"end":{"line":49,"column":31}},"23":{"start":{"line":50,"column":12},"end":{"line":50,"column":113}},"24":{"start":{"line":53,"column":12},"end":{"line":53,"column":36}},"25":{"start":{"line":54,"column":12},"end":{"line":54,"column":59}},"26":{"start":{"line":58,"column":12},"end":{"line":58,"column":36}},"27":{"start":{"line":65,"column":4},"end":{"line":65,"column":44}},"28":{"start":{"line":68,"column":2},"end":{"line":68,"column":17}},"29":{"start":{"line":71,"column":0},"end":{"line":98,"column":4}},"30":{"start":{"line":72,"column":19},"end":{"line":91,"column":5}},"31":{"start":{"line":74,"column":4},"end":{"line":90,"column":17}},"32":{"start":{"line":75,"column":6},"end":{"line":89,"column":7}},"33":{"start":{"line":76,"column":8},"end":{"line":88,"column":9}},"34":{"start":{"line":78,"column":12},"end":{"line":78,"column":31}},"35":{"start":{"line":79,"column":12},"end":{"line":79,"column":113}},"36":{"start":{"line":82,"column":12},"end":{"line":82,"column":36}},"37":{"start":{"line":83,"column":12},"end":{"line":83,"column":59}},"38":{"start":{"line":87,"column":12},"end":{"line":87,"column":36}},"39":{"start":{"line":94,"column":4},"end":{"line":94,"column":45}},"40":{"start":{"line":97,"column":2},"end":{"line":97,"column":19}},"41":{"start":{"line":100,"column":0},"end":{"line":127,"column":4}},"42":{"start":{"line":101,"column":17},"end":{"line":120,"column":5}},"43":{"start":{"line":103,"column":4},"end":{"line":119,"column":17}},"44":{"start":{"line":104,"column":6},"end":{"line":118,"column":7}},"45":{"start":{"line":105,"column":8},"end":{"line":117,"column":9}},"46":{"start":{"line":107,"column":12},"end":{"line":107,"column":31}},"47":{"start":{"line":108,"column":12},"end":{"line":108,"column":111}},"48":{"start":{"line":111,"column":12},"end":{"line":111,"column":36}},"49":{"start":{"line":112,"column":12},"end":{"line":112,"column":59}},"50":{"start":{"line":116,"column":12},"end":{"line":116,"column":36}},"51":{"start":{"line":123,"column":4},"end":{"line":123,"column":43}},"52":{"start":{"line":126,"column":2},"end":{"line":126,"column":17}},"53":{"start":{"line":129,"column":0},"end":{"line":156,"column":4}},"54":{"start":{"line":130,"column":25},"end":{"line":149,"column":5}},"55":{"start":{"line":132,"column":4},"end":{"line":148,"column":17}},"56":{"start":{"line":133,"column":6},"end":{"line":147,"column":7}},"57":{"start":{"line":134,"column":8},"end":{"line":146,"column":9}},"58":{"start":{"line":136,"column":12},"end":{"line":136,"column":31}},"59":{"start":{"line":137,"column":12},"end":{"line":137,"column":113}},"60":{"start":{"line":140,"column":12},"end":{"line":140,"column":36}},"61":{"start":{"line":141,"column":12},"end":{"line":141,"column":59}},"62":{"start":{"line":145,"column":12},"end":{"line":145,"column":36}},"63":{"start":{"line":152,"column":4},"end":{"line":152,"column":51}},"64":{"start":{"line":155,"column":2},"end":{"line":155,"column":25}},"65":{"start":{"line":158,"column":0},"end":{"line":185,"column":4}},"66":{"start":{"line":159,"column":23},"end":{"line":178,"
[...]
rt":{"line":65,"column":16},"end":{"line":65,"column":35}},"28":{"start":{"line":68,"column":16},"end":{"line":68,"column":39}},"29":{"start":{"line":70,"column":16},"end":{"line":73,"column":17}},"30":{"start":{"line":71,"column":18},"end":{"line":71,"column":37}},"31":{"start":{"line":72,"column":18},"end":{"line":72,"column":24}},"32":{"start":{"line":75,"column":16},"end":{"line":75,"column":31}},"33":{"start":{"line":76,"column":16},"end":{"line":76,"column":32}},"34":{"start":{"line":79,"column":16},"end":{"line":79,"column":49}},"35":{"start":{"line":80,"column":16},"end":{"line":80,"column":34}},"36":{"start":{"line":81,"column":16},"end":{"line":81,"column":22}},"37":{"start":{"line":84,"column":16},"end":{"line":84,"column":35}},"38":{"start":{"line":85,"column":16},"end":{"line":85,"column":22}},"39":{"start":{"line":88,"column":16},"end":{"line":88,"column":35}},"40":{"start":{"line":89,"column":16},"end":{"line":89,"column":51}},"41":{"start":{"line":90,"column":16},"end":{"line":90,"column":41}},"42":{"start":{"line":91,"column":16},"end":{"line":91,"column":45}},"43":{"start":{"line":94,"column":16},"end":{"line":94,"column":35}},"44":{"start":{"line":95,"column":16},"end":{"line":95,"column":35}},"45":{"start":{"line":97,"column":16},"end":{"line":100,"column":17}},"46":{"start":{"line":98,"column":18},"end":{"line":98,"column":37}},"47":{"start":{"line":99,"column":18},"end":{"line":99,"column":24}},"48":{"start":{"line":102,"column":16},"end":{"line":102,"column":35}},"49":{"start":{"line":103,"column":16},"end":{"line":103,"column":45}},"50":{"start":{"line":106,"column":16},"end":{"line":106,"column":35}},"51":{"start":{"line":108,"column":16},"end":{"line":111,"column":17}},"52":{"start":{"line":109,"column":18},"end":{"line":109,"column":37}},"53":{"start":{"line":110,"column":18},"end":{"line":110,"column":24}},"54":{"start":{"line":113,"column":16},"end":{"line":113,"column":37}},"55":{"start":{"line":116,"column":16},"end":{"line":116,"column":43}},"56":{"start":{"line":119,"column":16},"end":{"line":119,"column":43}},"57":{"start":{"line":122,"column":16},"end":{"line":122,"column":54}},"58":{"start":{"line":126,"column":16},"end":{"line":126,"column":39}},"59":{"start":{"line":133,"column":8},"end":{"line":133,"column":46}},"60":{"start":{"line":136,"column":6},"end":{"line":136,"column":20}},"61":{"start":{"line":149,"column":27},"end":{"line":306,"column":9}},"62":{"start":{"line":152,"column":8},"end":{"line":305,"column":94}},"63":{"start":{"line":153,"column":10},"end":{"line":304,"column":11}},"64":{"start":{"line":154,"column":12},"end":{"line":303,"column":13}},"65":{"start":{"line":156,"column":16},"end":{"line":156,"column":27}},"66":{"start":{"line":157,"column":16},"end":{"line":157,"column":50}},"67":{"start":{"line":158,"column":16},"end":{"line":158,"column":43}},"68":{"start":{"line":159,"column":16},"end":{"line":159,"column":35}},"69":{"start":{"line":160,"column":16},"end":{"line":160,"column":98}},"70":{"start":{"line":163,"column":16},"end":{"line":163,"column":35}},"71":{"start":{"line":164,"column":16},"end":{"line":164,"column":41}},"72":{"start":{"line":167,"column":16},"end":{"line":167,"column":40}},"73":{"start":{"line":168,"column":16},"end":{"line":168,"column":57}},"74":{"start":{"line":169,"column":16},"end":{"line":169,"column":36}},"75":{"start":{"line":170,"column":16},"end":{"line":170,"column":36}},"76":{"start":{"line":173,"column":16},"end":{"line":173,"column":41}},"77":{"start":{"line":175,"column":16},"end":{"line":178,"column":17}},"78":{"start":{"line":176,"column":18},"end":{"line":176,"column":38}},"79":{"start":{"line":177,"column":18},"end":{"line":177,"column":24}},"80":{"start":{"line":180,"column":16},"end":{"line":180,"column":31}},"81":{"start":{"line":181,"column":16},"end":{"line":181,"column":48}},"82":{"start":{"line":182,"column":16},"end":{"line":182,"column":50}},"83":{"start":{"line":183,"column":16},"end":{"line":183,"column":43}},"84":{"start":{"line":184,"column":16},"end":{"line":184,"column":36}},"85":{"start":{"line":185,"column":16},"end":{"line":185,"column":75}},"86":{"start":{"line":188,"column":16},"end":{"line":188,"column":36}},"87":{"start":{"line":189,"column":16},"end":{"line":189,"column":41}},"88":{"start":{"line":192,"column":16},"end":{"line":192,"column":40}},"89":{"start":{"line":193,"column":16},"end":{"line":193,"column":57}},"90":{"start":{"line":194,"column":16},"end":{"line":194,"column":36}},"91":{"start":{"line":195,"column":16},"end":{"line":195,"column":36}},"92":{"start":{"line":198,"column":16},"end":{"line":198,"column":41}},"93":{"start":{"line":200,"column":16},"end":{"line":203,"column":17}},"94":{"start":{"line":201,"column":18},"end":{"line":201,"column":38}},"95":{"start":{"line":202,"column":18},"end":{"line":202,"column":24}},"96":{"start":{"line":205,"column":16},"end":{"line":205,"column":32}},"97":{"start":{"line":206,"column":16},"end":{"line":206,"column":39}},"98":{"start":{"line":209,"column":16},"end":{"line":209,"column":50}},"99":{"start":{"line":210,"column":16},"end":{"line":210,"column":36}},"100":{"start":{"line":211,"column":16},"end":{"line":211,"column":22}},"101":{"start":{"line":214,"column":16},"end":{"line":214,"column":36}},"102":{"start":{"line":215,"column":16},"end":{"line":215,"column":22}},"103":{"start":{"line":218,"column":16},"end":{"line":218,"column":36}},"104":{"start":{"line":219,"column":16},"end":{"line":219,"column":54}},"105":{"start":{"line":220,"column":16},"end":{"line":220,"column":42}},"106":{"start":{"line":221,"column":16},"end":{"line":221,"column":47}},"107":{"start":{"line":224,"column":16},"end":{"line":224,"column":36}},"108":{"start":{"line":225,"column":16},"end":{"line":225,"column":36}},"109":{"start":{"line":227,"column":16},"end":{"line":230,"column":17}},"110":{"start":{"line":228,"column":18},"end":{"line":228,"column":38}},"111":{"start":{"line":229,"column":18},"end":{"line":229,"column":24}},"112":{"start":{"line":232,"column":16},"end":{"line":232,"column":36}},"113":{"start":{"line":233,"column":16},"end":{"line":233,"column":46}},"114":{"start":{"line":236,"column":16},"end":{"line":236,"column":36}},"115":{"start":{"line":238,"column":16},"end":{"line":241,"column":17}},"116":{"start":{"line":239,"column":18},"end":{"line":239,"column":38}},"117":{"start":{"line":240,"column":18},"end":{"line":240,"column":24}},"118":{"start":{"line":243,"column":16},"end":{"line":243,"column":38}},"119":{"start":{"line":246,"column":16},"end":{"line":246,"column":44}},"120":{"start":{"line":249,"column":16},"end":{"line":249,"column":44}},"121":{"start":{"line":252,"column":16},"end":{"line":252,"column":45}},"122":{"start":{"line":255,"column":16},"end":{"line":255,"column":50}},"123":{"start":{"line":256,"column":16},"end":{"line":256,"column":35}},"124":{"start":{"line":257,"column":16},"end":{"line":257,"column":22}},"125":{"start":{"line":260,"column":16},"end":{"line":260,"column":36}},"126":{"start":{"line":261,"column":16},"end":{"line":261,"column":22}},"127":{"start":{"line":264,"column":16},"end":{"line":264,"column":36}},"128":{"start":{"line":265,"column":16},"end":{"line":265,"column":53}},"129":{"start":{"line":266,"column":16},"end":{"line":266,"column":42}},"130":{"start":{"line":267,"column":16},"end":{"line":267,"column":47}},"131":{"start":{"line":270,"column":16},"end":{"line":270,"column":36}},"132":{"start":{"line":271,"column":16},"end":{"line":271,"column":36}},"133":{"start":{"line":273,"column":16},"end":{"line":276,"column":17}},"134":{"start":{"line":274,"column":18},"end":{"line":274,"column":38}},"135":{"start":{"line":275,"column":18},"end":{"line":275,"column":24}},"136":{"start":{"line":278,"column":16},"end":{"line":278,"column":36}},"137":{"start":{"line":279,"column":16},"end":{"line":279,"column":46}},"138":{"start":{"line":282,"column":16},"end":{"line":282,"column":36}},"139":{"start":{"line":284,"column":16},"end":{"line":287,"column":17}},"140":{"start":{"line":285,"column":18},"end":{"line":285,"column":38}},"141":{"start":{"line":286,"column":18},"end":{"line":286,"column":24}},"142":{"start":{"line":289,"column":16},"end":{"line":289,"column":38}},"143":{"start":{"line":292,"column":16},"end":{"line":292,"column":44}},"144":{"start":{"line":295,"column":16},"end":{"line":295,"column":44}},"145":{"start":{"line":298,"column":16},"end":{"line":298,"column":57}},"146":{"start":{"line":302,"column":16},"end":{"line":302,"column":40}},"147":{"start":{"line":309,"column":8},"end":{"line":309,"column":53}},"148":{"start":{"line":312,"column":6},"end":{"line":312,"column":27}},"149":{"start":{"line":315,"column":2},"end":{"line":315,"column":21}},"150":{"start":{"line":318,"column":0},"end":{"line":318,"column":34}}},"fnMap":{"0":{"name":"(anonymous_0)","decl":{"start":{"line":25,"column":31},"end":{"line":25,"column":32}},"loc":{"start":{"line":25,"column":43},"end":{"line":316,"column":1}},"line":25},"1":{"name":"FileStorage","decl":{"start":{"line":29,"column":11},"end":{"line":29,"column":22}},"loc":{"start":{"line":29,"column":28},"end":{"line":32,"column":3}},"line":29},"2":{"name":"(anonymous_2)","decl":{"start":{"line":44,"column":11},"end":{"line":44,"column":12}},"loc":{"start":{"line":44,"column":23},"end":{"line":137,"column":5}},"line":44},"3":{"name":"_callee","decl":{"start":{"line":45,"column":107},"end":{"line":45,"column":114}},"loc":{"start":{"line":45,"column":125},"end":{"line":130,"column":7}},"line":45},"4":{"name":"_callee$","decl":{"start":{"line":48,"column":53},"end":{"line":48,"column":61}},"loc":{"start":{"line":48,"column":72},"end":{"line":129,"column":9}},"line":48},"5":{"name":"upload","decl":{"start":{"line":132,"column":15},"end":{"line":132,"column":21}},"loc":{"start":{"line":132,"column":26},"end":{"line":134,"column":7}},"line":132},"6":{"name":"(anonymous_6)","decl":{"start":{"line":148,"column":11},"end":{"line":148,"column":12}},"loc":{"start":{"line":148,"column":23},"end":{"line":313,"column":5}},"line":148},"7":{"name":"_callee2","decl":{"start":{"line":149,"column":114},"end":{"line":149,"column":122}},"loc":{"start":{"line":149,"column":128},"end":{"line":306,"column":7}},"line":149},"8":{"name":"_callee2$","decl":{"start":{"line":152,"column":53},"end":{"line":152,"column":62}},"loc":{"start":{"line":152,"column":74},"end":{"line":305,"column":9}},"line":152},"9":{"name":"getFileByHash","decl":{"start":{"line":308,"column":15},"end":{"line":308,"column":28}},"loc":{"start":{"line":308,"column":34},"end":{"line":310,"column":7}},"line":308}},"branchMap":{"0":{"loc":{"start":{"line":50,"column":12},"end":{"line":127,"column":13}},"type":"switch","locations":[{"start":{"line":51,"column":14},"end":{"line":55,"column":85}},{"start":{"line":57,"column":14},"end":{"line":59,"column":40}},{"start":{"line":61,"column":14},"end":{"line":65,"column":35}},{"start":{"line":67,"column":14},"end":{"line":76,"column":32}},{"start":{"line":78,"column":14},"end":{"line":81,"column":22}},{"start":{"line":83,"column":14},"end":{"line":85,"column":22}},{"start":{"line":87,"column":14},"end":{"line":91,"column":45}},{"start":{"line":93,"column":14},"end":{"line":103,"column":45}},{"start":{"line":105,"column":14},"end":{"line":113,"column":37}},{"start":{"line":115,"column":14},"end":{"line":116,"column":43}},{"start":{"line":118,"column":14},"end":{"line":119,"column":43}},{"start":{"line":121,"column":14},"end":{"line":122,"column":54}},{"start":{"line":124,"column":14},"end":{"line":124,"column":22}},{"start":{"line":125,"column":14},"end":{"line":126,"column":39}}],"line":50},"1":{"loc":{"start":{"line":70,"column":16},"end":{"line":73,"column":17}},"type":"if","locations":[{"start":{"line":70,"column":16},"end":{"line":73,"column":17}},{"start":{"line":70,"column":16},"end":{"line":73,"column":17}}],"line":70},"2":{"loc":{"start":{"line":97,"column":16},"end":{"line":100,"column":17}},"type":"if","locations":[{"start":{"line":97,"column":16},"end":{"line":100,"column":17}},{"start":{"line":97,"column":16},"end":{"line":100,"column":17}}],"line":97},"3":{"loc":{"start":{"line":97,"column":22},"end":{"line":97,"column":79}},"type":"binary-expr","locations":[{"start":{"line":97,"column":22},"end":{"line":97,"column":48}},{"start":{"line":97,"column":52},"end":{"line":97,"column":79}}],"line":97},"4":{"loc":{"start":{"line":108,"column":16},"end":{"line":111,"column":17}},"type":"if","locations":[{"start":{"line":108,"column":16},"end":{"line":111,"column":17}},{"start":{"line":108,"column":16},"end":{"line":111,"column":17}}],"line":108},"5":{"loc":{"start":{"line":154,"column":12},"end":{"line":303,"column":13}},"type":"switch","locations":[{"start":{"line":155,"column":14},"end":{"line":160,"column":98}},{"start":{"line":162,"column":14},"end":{"line":164,"column":41}},{"start":{"line":166,"column":14},"end":{"line":170,"column":36}},{"start":{"line":172,"column":14},"end":{"line":185,"column":75}},{"start":{"line":187,"column":14},"end":{"line":189,"column":41}},{"start":{"line":191,"column":14},"end":{"line":195,"column":36}},{"start":{"line":197,"column":14},"end":{"line":206,"column":39}},{"start":{"line":208,"column":14},"end":{"line":211,"column":22}},{"start":{"line":213,"column":14},"end":{"line":215,"column":22}},{"start":{"line":217,"column":14},"end":{"line":221,"column":47}},{"start":{"line":223,"column":14},"end":{"line":233,"column":46}},{"start":{"line":235,"column":14},"end":{"line":243,"column":38}},{"start":{"line":245,"column":14},"end":{"line":246,"column":44}},{"start":{"line":248,"column":14},"end":{"line":249,"column":44}},{"start":{"line":251,"column":14},"end":{"line":252,"column":45}},{"start":{"line":254,"column":14},"end":{"line":257,"column":22}},{"start":{"line":259,"column":14},"end":{"line":261,"column":22}},{"start":{"line":263,"column":14},"end":{"line":267,"column":47}},{"start":{"line":269,"column":14},"end":{"line":279,"column":46}},{"start":{"line":281,"column":14},"end":{"line":289,"column":38}},{"start":{"line":291,"column":14},"end":{"line":292,"column":44}},{"start":{"line":294,"column":14},"end":{"line":295,"column":44}},{"start":{"line":297,"column":14},"end":{"line":298,"column":57}},{"start":{"line":300,"column":14},"end":{"line":300,"column":22}},{"start":{"line":301,"column":14},"end":{"line":302,"column":40}}],"line":154},"6":{"loc":{"start":{"line":175,"column":16},"end":{"line":178,"column":17}},"type":"if","locations":[{"start":{"line":175,"column":16},"end":{"line":178,"column":17}},{"start":{"line":175,"column":16},"end":{"line":178,"column":17}}],"line":175},"7":{"loc":{"start":{"line":200,"column":16},"end":{"line":203,"column":17}},"type":"if","locations":[{"start":{"line":200,"column":16},"end":{"line":203,"column":17}},{"start":{"line":200,"column":16},"end":{"line":203,"column":17}}],"line":200},"8":{"loc":{"start":{"line":227,"column":16},"end":{"line":230,"column":17}},"type":"if","locations":[{"start":{"line":227,"column":16},"end":{"line":230,"column":17}},{"start":{"line":227,"column":16},"end":{"line":230,"column":17}}],"line":227},"9":{"loc":{"start":{"line":227,"column":22},"end":{"line":227,"column":81}},"type":"binary-expr","locations":[{"start":{"line":227,"column":22},"end":{"line":227,"column":49}},{"start":{"line":227,"column":53},"end":{"line":227,"column":81}}],"line":227},"10":{"loc":{"start":{"line":238,"column":16},"end":{"line":241,"column":17}},"type":"if","locations":[{"start":{"line":238,"column":16},"end":{"line":241,"column":17}},{"start":{"line":238,"column":16},"end":{"line":241,"column":17}}],"line":238},"11":{"loc":{"start":{"line":273,"column":16},"end":{"line":276,"column":17}},"type":"if","locations":[{"start":{"line":273,"column":16},"end":{"line":276,"column":17}},{"start":{"line":273,"column":16},"end":{"line":276,"column":17}}],"line":273},"12":{"loc":{"start":{"line":273,"column":22},"end":{"line":273,"column":81}},"type":"binary-expr","locations":[{"start":{"line":273,"column":22},"end":{"line":273,"column":49}},{"start":{"line":273,"column":53},"end":{"line":273,"column":81}}],"line":273},"13":{"loc":{"start":{"line":284,"column":16},"end":{"line":287,"column":17}},"type":"if","locations":[{"start":{"line":284,"column":16},"end":{"line":287,"column":17}},{"start":{"line":284,"column":16},"end":{"line":287,"column":17}}],"line":284}},"s":{"0":1,"1":1,"2":1,"3":1,"4":1,"5":1,"6":1,"7":1,"8":1,"9":1,"10":1,"11":1,"12":1,"13":1,"14":1,"15":2,"16":16,"17":26,"18":2,"19":2,"20":2,"21":2,"22":4,"23":4,"24":4,"25":4,"26":4,"27":4,"28":4,"29":4,"30":2,"31":2,"32":2,"33":2,"34":2,"35":2,"36":2,"37":2,"38":2,"39":0,"40":0,"41":0,"42":0,"43":2,"44":2,"45":2,"46":2,"47":2,"48":0,"49":0,"50":2,"51":2,"52":2,"53":2,"54":0,"55":2,"56":2,"57":2,"58":2,"59":2,"60":1,"61":1,"62":1,"63":12,"64":21,"65":1,"66":1,"67":1,"68":1,"69":1,"70":2,"71":2,"72":2,"73":2,"74":2,"75":2,"76":2,"77":2,"78":1,"79":1,"80":1,"81":1,"82":1,"83":1,"84":1,"85":1,"86":1,"87":1,"88":1,"89":1,"90":1,"91":1,"92":1,"93":1,"94":1,"95":1,"96":0,"97":0,"98":0,"99":0,"100":0,"101":1,"102":1,"103":0,"104":0,"105":0,"106":0,"107":1,"108":1,"109":1,"110":1,"111":1,"112":0,"113":0,"114":1,"115":1,"116":1,"117":1,"118":0,"119":1,"120":1,"121":1,"122":1,"123":1,"124":1,"125":1,"126":1,"127":0,"128":0,"129":0,"130":0,"131":1,"132":1,"133":1,"134":1,"135":1,"136":0,"137":0,"138":1,"139":1,"140":1,"141":1,"142":0,"143":1,"144":1,"145":1,"146":1,"147":1,"148":1,"149":1,"150":1},"f":{"0":1,"1":1,"2":1,"3":2,"4":16,"5":2,"6":1,"7":1,"8":12,"9":1},"b":{"0":[2,4,4,4,2,2,0,2,2,2,2,2,0,2],"1":[2,2],"2":[2,0],"3":[2,0],"4":[2,0],"5":[1,2,2,2,1,1,1,0,1,0,1,1,1,1,1,1,1,0,1,1,1,1,1,0,1],"6":[1,1],"7":[1,0],"8":[1,0],"9":[1,0],"10":[1,0],"11":[1,0],"12":[1,0],"13":[1,0]},"inputSourceMap":{"version":3,"sources":["FileStorage.js"],"names":["FileStorage","uri","node","contents","add","chunk","cid","total","get","file","BufferList","content","append","toString"],"mappings":";;;;;;;;;;;;;;;;;;;AACA;;AACA;;AAFA;IAIMA,W;AACJ;;;AAGA,uBAAYC,GAAZ,EAAiB;AAAA;AACf,SAAKC,IAAL,GAAY,gCAAWD,GAAX,CAAZ;AACD;AAED;;;;;;;;;;;;mHAOaE,Q;;;;;;;;;;4DAEe,KAAKD,IAAL,CAAUE,GAAV,CAAcD,QAAd,C;;;;;;;;;;;;;;;;;;;;AAATE,gBAAAA,K;AACZC,gBAAAA,G,GAAQD,K,CAARC,G;;;;;;;;;;;;;;;;;;;;;;;;;;;;;;;;;;;;;;;;;;;;;;iDAEEA,G;;;;;;;;;;;;;;;;AAGT;;;;;;;;;;;2HAOoBA,G;;;;;;;AACdC,gBAAAA,K,GAAQ,E;;;;6DACa,KAAKL,IAAL,CAAUM,GAAV,iBAAuBF,GAAvB,E;;;;;;;;;;;;;;;;;;;;AAARG,gBAAAA,I;AACTN,gBAAAA,Q,GAAW,IAAIO,cAAJ,E;;;;6DACSD,IAAI,CAACE,O;;;;;;;;;;;;;;;;;;;;AAAdN,gBAAAA,K;AACfF,gBAAAA,QAAQ,CAACS,MAAT,CAAgBP,KAAhB;;;;;;;;;;;;;;;;;;;;;;;;;;;;;;;;;;;;;;;;;;;;;;AAEFE,gBAAAA,KAAK,IAAIJ,QAAQ,CAACU,QAAT,EAAT;;;;;;;;;;;;;;;;;;;;;;;;;;;;;;;;;;;;;;;;;;;;;;kDAEKN,K","sourceRoot":"/app/src/FileStorage/","sourcesContent":["/* eslint-disable no-restricted-syntax */\nimport ipfsClient from 'ipfs-http-client';\nimport BufferList from 'bl';\n\nclass FileStorage {\n  /**\n   * @param uri {string|object} - IPFS API server\n   */\n  constructor(uri) {\n    this.node = ipfsClient(uri);\n  }\n\n  /**\n   * Uploads contents of a single file\n   *\n   * @param {String|Buffer} contents\n   *\n   * @returns {CID}\n   */\n  async upload(contents) {\n    let cid;\n    for await (const chunk of this.node.add(contents)) {\n      ({ cid } = chunk);\n    }\n    return cid;\n  }\n\n  /**\n   * Retrieves contents of a single file\n   *\n   * @param {String|CID} cid\n   *\n   * @returns {String}\n   */\n  async getFileByHash(cid) {\n    let total = '';\n    for await (const file of this.node.get(`/ipfs/${cid}`)) {\n      const contents = new BufferList();\n      for await (const chunk of file.content) {\n        contents.append(chunk);\n      }\n      total += contents.toString();\n    }\n    return total;\n  }\n}\n\nexport { FileStorage };\n"]},"_coverageSchema":"1a1c01bbd47fc00a2c39e90264f33305004495a9","hash":"9261613d67eb7bed76b53d4c2d9369d4e02b428e","contentHash":"c8136553fe0e252ae92126fc226c127e931125956615c20d85b0c9455e86a429"}}